evpot-fao56_rcp85_land-rcm_uk_12km_12_day_19801201-19901130.nc
os.getcwd: 
 /home/users/nelerey/phd_code/ETo/applications
sys.path: 
 ['/home/users/nelerey/phd_code/ETo/applications', '/apps/jasmin/jaspy/miniconda_envs/jaspy3.7/m3-4.6.14/envs/jaspy3.7-m3-4.6.14-r20200606/lib/python37.zip', '/apps/jasmin/jaspy/miniconda_envs/jaspy3.7/m3-4.6.14/envs/jaspy3.7-m3-4.6.14-r20200606/lib/python3.7', '/apps/jasmin/jaspy/miniconda_envs/jaspy3.7/m3-4.6.14/envs/jaspy3.7-m3-4.6.14-r20200606/lib/python3.7/lib-dynload', '/apps/jasmin/jaspy/miniconda_envs/jaspy3.7/m3-4.6.14/envs/jaspy3.7-m3-4.6.14-r20200606/lib/python3.7/site-packages', '/home/users/nelerey/phd_code/ETo/applications', '/home/users/nelerey/phd_code/ETo']
{'varlist': 'hurs,psl,rls,rss,sfcWind,tasmax,tasmin,tas', 'in_path_format': '/badc/ukcp18/data/land-rcm/uk/12km/rcp85/12/{var}/day/latest/{var}_rcp85_land-rcm_uk_12km_12_day_19801201-19901130.nc', 'out_path_format': '/home/users/nelerey/data/PE/ETo-fao56/{}_rcp85_land-rcm_uk_12km_12_day_19801201-19901130.nc', 'outvarname': 'evpot-fao56'}
paths dict: 
 {'hurs': '/badc/ukcp18/data/land-rcm/uk/12km/rcp85/12/hurs/day/latest/hurs_rcp85_land-rcm_uk_12km_12_day_19801201-19901130.nc', 'psl': '/badc/ukcp18/data/land-rcm/uk/12km/rcp85/12/psl/day/latest/psl_rcp85_land-rcm_uk_12km_12_day_19801201-19901130.nc', 'rls': '/badc/ukcp18/data/land-rcm/uk/12km/rcp85/12/rls/day/latest/rls_rcp85_land-rcm_uk_12km_12_day_19801201-19901130.nc', 'rss': '/badc/ukcp18/data/land-rcm/uk/12km/rcp85/12/rss/day/latest/rss_rcp85_land-rcm_uk_12km_12_day_19801201-19901130.nc', 'sfcWind': '/badc/ukcp18/data/land-rcm/uk/12km/rcp85/12/sfcWind/day/latest/sfcWind_rcp85_land-rcm_uk_12km_12_day_19801201-19901130.nc', 'tasmax': '/badc/ukcp18/data/land-rcm/uk/12km/rcp85/12/tasmax/day/latest/tasmax_rcp85_land-rcm_uk_12km_12_day_19801201-19901130.nc', 'tasmin': '/badc/ukcp18/data/land-rcm/uk/12km/rcp85/12/tasmin/day/latest/tasmin_rcp85_land-rcm_uk_12km_12_day_19801201-19901130.nc', 'tas': '/badc/ukcp18/data/land-rcm/uk/12km/rcp85/12/tas/day/latest/tas_rcp85_land-rcm_uk_12km_12_day_19801201-19901130.nc'}
<xarray.Dataset>
Dimensions:                  (ensemble_member: 1, projection_x_coordinate: 82, projection_y_coordinate: 112, time: 3600)
Coordinates:
  * ensemble_member          (ensemble_member) int32 12
  * time                     (time) object 1980-12-01 12:00:00 ... 1990-11-30 12:00:00
  * projection_y_coordinate  (projection_y_coordinate) float64 -1.02e+05 ... 1.23e+06
  * projection_x_coordinate  (projection_x_coordinate) float64 -2.1e+05 ... 7.62e+05
    ensemble_member_id       (ensemble_member) |S27 b'HadREM3-GA705-r001i1p02335 '
    grid_latitude            (projection_y_coordinate, projection_x_coordinate) float64 1.433 ... 10.63
    grid_longitude           (projection_y_coordinate, projection_x_coordinate) float64 -18.24 ... -6.58
    month_number             (time) int32 12 12 12 12 12 12 ... 11 11 11 11 11
    year                     (time) int32 1980 1980 1980 1980 ... 1990 1990 1990
    yyyymmdd                 (time) |S64 b'19801201                                                        ' ... b'19901130                                                        '
Data variables:
    RH_mean                  (ensemble_member, time, projection_y_coordinate, projection_x_coordinate) float32 ...
    transverse_mercator      int32 -2147483647
    P                        (ensemble_member, time, projection_y_coordinate, projection_x_coordinate) float32 101.26899 ... 100.05963
    R_nl                     (ensemble_member, time, projection_y_coordinate, projection_x_coordinate) float32 3.615313 ... 6.909945
    R_ns                     (ensemble_member, time, projection_y_coordinate, projection_x_coordinate) float32 2.0280716 ... 0.695818
    U_z                      (ensemble_member, time, projection_y_coordinate, projection_x_coordinate) float32 ...
    T_max                    (ensemble_member, time, projection_y_coordinate, projection_x_coordinate) float32 ...
    T_min                    (ensemble_member, time, projection_y_coordinate, projection_x_coordinate) float32 ...
    T_mean                   (ensemble_member, time, projection_y_coordinate, projection_x_coordinate) float32 ...
<eto.core.ETo_xr object at 0x7f6f2ce57b90>
evpot-fao56_rcp85_land-rcm_uk_12km_12_day_19901201-20001130.nc
os.getcwd: 
 /home/users/nelerey/phd_code/ETo/applications
sys.path: 
 ['/home/users/nelerey/phd_code/ETo/applications', '/apps/jasmin/jaspy/miniconda_envs/jaspy3.7/m3-4.6.14/envs/jaspy3.7-m3-4.6.14-r20200606/lib/python37.zip', '/apps/jasmin/jaspy/miniconda_envs/jaspy3.7/m3-4.6.14/envs/jaspy3.7-m3-4.6.14-r20200606/lib/python3.7', '/apps/jasmin/jaspy/miniconda_envs/jaspy3.7/m3-4.6.14/envs/jaspy3.7-m3-4.6.14-r20200606/lib/python3.7/lib-dynload', '/apps/jasmin/jaspy/miniconda_envs/jaspy3.7/m3-4.6.14/envs/jaspy3.7-m3-4.6.14-r20200606/lib/python3.7/site-packages', '/home/users/nelerey/phd_code/ETo/applications', '/home/users/nelerey/phd_code/ETo']
{'varlist': 'hurs,psl,rls,rss,sfcWind,tasmax,tasmin,tas', 'in_path_format': '/badc/ukcp18/data/land-rcm/uk/12km/rcp85/12/{var}/day/latest/{var}_rcp85_land-rcm_uk_12km_12_day_19901201-20001130.nc', 'out_path_format': '/home/users/nelerey/data/PE/ETo-fao56/{}_rcp85_land-rcm_uk_12km_12_day_19901201-20001130.nc', 'outvarname': 'evpot-fao56'}
paths dict: 
 {'hurs': '/badc/ukcp18/data/land-rcm/uk/12km/rcp85/12/hurs/day/latest/hurs_rcp85_land-rcm_uk_12km_12_day_19901201-20001130.nc', 'psl': '/badc/ukcp18/data/land-rcm/uk/12km/rcp85/12/psl/day/latest/psl_rcp85_land-rcm_uk_12km_12_day_19901201-20001130.nc', 'rls': '/badc/ukcp18/data/land-rcm/uk/12km/rcp85/12/rls/day/latest/rls_rcp85_land-rcm_uk_12km_12_day_19901201-20001130.nc', 'rss': '/badc/ukcp18/data/land-rcm/uk/12km/rcp85/12/rss/day/latest/rss_rcp85_land-rcm_uk_12km_12_day_19901201-20001130.nc', 'sfcWind': '/badc/ukcp18/data/land-rcm/uk/12km/rcp85/12/sfcWind/day/latest/sfcWind_rcp85_land-rcm_uk_12km_12_day_19901201-20001130.nc', 'tasmax': '/badc/ukcp18/data/land-rcm/uk/12km/rcp85/12/tasmax/day/latest/tasmax_rcp85_land-rcm_uk_12km_12_day_19901201-20001130.nc', 'tasmin': '/badc/ukcp18/data/land-rcm/uk/12km/rcp85/12/tasmin/day/latest/tasmin_rcp85_land-rcm_uk_12km_12_day_19901201-20001130.nc', 'tas': '/badc/ukcp18/data/land-rcm/uk/12km/rcp85/12/tas/day/latest/tas_rcp85_land-rcm_uk_12km_12_day_19901201-20001130.nc'}
<xarray.Dataset>
Dimensions:                  (ensemble_member: 1, projection_x_coordinate: 82, projection_y_coordinate: 112, time: 3600)
Coordinates:
  * ensemble_member          (ensemble_member) int32 12
  * time                     (time) object 1990-12-01 12:00:00 ... 2000-11-30 12:00:00
  * projection_y_coordinate  (projection_y_coordinate) float64 -1.02e+05 ... 1.23e+06
  * projection_x_coordinate  (projection_x_coordinate) float64 -2.1e+05 ... 7.62e+05
    ensemble_member_id       (ensemble_member) |S27 b'HadREM3-GA705-r001i1p02335 '
    grid_latitude            (projection_y_coordinate, projection_x_coordinate) float64 1.433 ... 10.63
    grid_longitude           (projection_y_coordinate, projection_x_coordinate) float64 -18.24 ... -6.58
    month_number             (time) int32 12 12 12 12 12 12 ... 11 11 11 11 11
    year                     (time) int32 1990 1990 1990 1990 ... 2000 2000 2000
    yyyymmdd                 (time) |S64 b'19901201                                                        ' ... b'20001130                                                        '
Data variables:
    RH_mean                  (ensemble_member, time, projection_y_coordinate, projection_x_coordinate) float32 ...
    transverse_mercator      int32 -2147483647
    P                        (ensemble_member, time, projection_y_coordinate, projection_x_coordinate) float32 101.685745 ... 101.82484
    R_nl                     (ensemble_member, time, projection_y_coordinate, projection_x_coordinate) float32 4.5630517 ... 5.9376636
    R_ns                     (ensemble_member, time, projection_y_coordinate, projection_x_coordinate) float32 2.0466766 ... 0.6675348
    U_z                      (ensemble_member, time, projection_y_coordinate, projection_x_coordinate) float32 ...
    T_max                    (ensemble_member, time, projection_y_coordinate, projection_x_coordinate) float32 ...
    T_min                    (ensemble_member, time, projection_y_coordinate, projection_x_coordinate) float32 ...
    T_mean                   (ensemble_member, time, projection_y_coordinate, projection_x_coordinate) float32 ...
<eto.core.ETo_xr object at 0x7ff3d0a818d0>
evpot-fao56_rcp85_land-rcm_uk_12km_12_day_20001201-20101130.nc
os.getcwd: 
 /home/users/nelerey/phd_code/ETo/applications
sys.path: 
 ['/home/users/nelerey/phd_code/ETo/applications', '/apps/jasmin/jaspy/miniconda_envs/jaspy3.7/m3-4.6.14/envs/jaspy3.7-m3-4.6.14-r20200606/lib/python37.zip', '/apps/jasmin/jaspy/miniconda_envs/jaspy3.7/m3-4.6.14/envs/jaspy3.7-m3-4.6.14-r20200606/lib/python3.7', '/apps/jasmin/jaspy/miniconda_envs/jaspy3.7/m3-4.6.14/envs/jaspy3.7-m3-4.6.14-r20200606/lib/python3.7/lib-dynload', '/apps/jasmin/jaspy/miniconda_envs/jaspy3.7/m3-4.6.14/envs/jaspy3.7-m3-4.6.14-r20200606/lib/python3.7/site-packages', '/home/users/nelerey/phd_code/ETo/applications', '/home/users/nelerey/phd_code/ETo']
{'varlist': 'hurs,psl,rls,rss,sfcWind,tasmax,tasmin,tas', 'in_path_format': '/badc/ukcp18/data/land-rcm/uk/12km/rcp85/12/{var}/day/latest/{var}_rcp85_land-rcm_uk_12km_12_day_20001201-20101130.nc', 'out_path_format': '/home/users/nelerey/data/PE/ETo-fao56/{}_rcp85_land-rcm_uk_12km_12_day_20001201-20101130.nc', 'outvarname': 'evpot-fao56'}
paths dict: 
 {'hurs': '/badc/ukcp18/data/land-rcm/uk/12km/rcp85/12/hurs/day/latest/hurs_rcp85_land-rcm_uk_12km_12_day_20001201-20101130.nc', 'psl': '/badc/ukcp18/data/land-rcm/uk/12km/rcp85/12/psl/day/latest/psl_rcp85_land-rcm_uk_12km_12_day_20001201-20101130.nc', 'rls': '/badc/ukcp18/data/land-rcm/uk/12km/rcp85/12/rls/day/latest/rls_rcp85_land-rcm_uk_12km_12_day_20001201-20101130.nc', 'rss': '/badc/ukcp18/data/land-rcm/uk/12km/rcp85/12/rss/day/latest/rss_rcp85_land-rcm_uk_12km_12_day_20001201-20101130.nc', 'sfcWind': '/badc/ukcp18/data/land-rcm/uk/12km/rcp85/12/sfcWind/day/latest/sfcWind_rcp85_land-rcm_uk_12km_12_day_20001201-20101130.nc', 'tasmax': '/badc/ukcp18/data/land-rcm/uk/12km/rcp85/12/tasmax/day/latest/tasmax_rcp85_land-rcm_uk_12km_12_day_20001201-20101130.nc', 'tasmin': '/badc/ukcp18/data/land-rcm/uk/12km/rcp85/12/tasmin/day/latest/tasmin_rcp85_land-rcm_uk_12km_12_day_20001201-20101130.nc', 'tas': '/badc/ukcp18/data/land-rcm/uk/12km/rcp85/12/tas/day/latest/tas_rcp85_land-rcm_uk_12km_12_day_20001201-20101130.nc'}
<xarray.Dataset>
Dimensions:                  (ensemble_member: 1, projection_x_coordinate: 82, projection_y_coordinate: 112, time: 3600)
Coordinates:
  * ensemble_member          (ensemble_member) int32 12
  * time                     (time) object 2000-12-01 12:00:00 ... 2010-11-30 12:00:00
  * projection_y_coordinate  (projection_y_coordinate) float64 -1.02e+05 ... 1.23e+06
  * projection_x_coordinate  (projection_x_coordinate) float64 -2.1e+05 ... 7.62e+05
    ensemble_member_id       (ensemble_member) |S27 b'HadREM3-GA705-r001i1p02335 '
    grid_latitude            (projection_y_coordinate, projection_x_coordinate) float64 1.433 ... 10.63
    grid_longitude           (projection_y_coordinate, projection_x_coordinate) float64 -18.24 ... -6.58
    month_number             (time) int32 12 12 12 12 12 12 ... 11 11 11 11 11
    year                     (time) int32 2000 2000 2000 2000 ... 2010 2010 2010
    yyyymmdd                 (time) |S64 b'20001201                                                        ' ... b'20101130                                                        '
Data variables:
    RH_mean                  (ensemble_member, time, projection_y_coordinate, projection_x_coordinate) float32 ...
    transverse_mercator      int32 -2147483647
    P                        (ensemble_member, time, projection_y_coordinate, projection_x_coordinate) float32 100.10424 ... 100.0679
    R_nl                     (ensemble_member, time, projection_y_coordinate, projection_x_coordinate) float32 2.9246728 ... 8.900759
    R_ns                     (ensemble_member, time, projection_y_coordinate, projection_x_coordinate) float32 3.5070908 ... 0.8520447
    U_z                      (ensemble_member, time, projection_y_coordinate, projection_x_coordinate) float32 ...
    T_max                    (ensemble_member, time, projection_y_coordinate, projection_x_coordinate) float32 ...
    T_min                    (ensemble_member, time, projection_y_coordinate, projection_x_coordinate) float32 ...
    T_mean                   (ensemble_member, time, projection_y_coordinate, projection_x_coordinate) float32 ...
<eto.core.ETo_xr object at 0x7fd6bf2f49d0>
evpot-fao56_rcp85_land-rcm_uk_12km_12_day_20101201-20201130.nc
os.getcwd: 
 /home/users/nelerey/phd_code/ETo/applications
sys.path: 
 ['/home/users/nelerey/phd_code/ETo/applications', '/apps/jasmin/jaspy/miniconda_envs/jaspy3.7/m3-4.6.14/envs/jaspy3.7-m3-4.6.14-r20200606/lib/python37.zip', '/apps/jasmin/jaspy/miniconda_envs/jaspy3.7/m3-4.6.14/envs/jaspy3.7-m3-4.6.14-r20200606/lib/python3.7', '/apps/jasmin/jaspy/miniconda_envs/jaspy3.7/m3-4.6.14/envs/jaspy3.7-m3-4.6.14-r20200606/lib/python3.7/lib-dynload', '/apps/jasmin/jaspy/miniconda_envs/jaspy3.7/m3-4.6.14/envs/jaspy3.7-m3-4.6.14-r20200606/lib/python3.7/site-packages', '/home/users/nelerey/phd_code/ETo/applications', '/home/users/nelerey/phd_code/ETo']
{'varlist': 'hurs,psl,rls,rss,sfcWind,tasmax,tasmin,tas', 'in_path_format': '/badc/ukcp18/data/land-rcm/uk/12km/rcp85/12/{var}/day/latest/{var}_rcp85_land-rcm_uk_12km_12_day_20101201-20201130.nc', 'out_path_format': '/home/users/nelerey/data/PE/ETo-fao56/{}_rcp85_land-rcm_uk_12km_12_day_20101201-20201130.nc', 'outvarname': 'evpot-fao56'}
paths dict: 
 {'hurs': '/badc/ukcp18/data/land-rcm/uk/12km/rcp85/12/hurs/day/latest/hurs_rcp85_land-rcm_uk_12km_12_day_20101201-20201130.nc', 'psl': '/badc/ukcp18/data/land-rcm/uk/12km/rcp85/12/psl/day/latest/psl_rcp85_land-rcm_uk_12km_12_day_20101201-20201130.nc', 'rls': '/badc/ukcp18/data/land-rcm/uk/12km/rcp85/12/rls/day/latest/rls_rcp85_land-rcm_uk_12km_12_day_20101201-20201130.nc', 'rss': '/badc/ukcp18/data/land-rcm/uk/12km/rcp85/12/rss/day/latest/rss_rcp85_land-rcm_uk_12km_12_day_20101201-20201130.nc', 'sfcWind': '/badc/ukcp18/data/land-rcm/uk/12km/rcp85/12/sfcWind/day/latest/sfcWind_rcp85_land-rcm_uk_12km_12_day_20101201-20201130.nc', 'tasmax': '/badc/ukcp18/data/land-rcm/uk/12km/rcp85/12/tasmax/day/latest/tasmax_rcp85_land-rcm_uk_12km_12_day_20101201-20201130.nc', 'tasmin': '/badc/ukcp18/data/land-rcm/uk/12km/rcp85/12/tasmin/day/latest/tasmin_rcp85_land-rcm_uk_12km_12_day_20101201-20201130.nc', 'tas': '/badc/ukcp18/data/land-rcm/uk/12km/rcp85/12/tas/day/latest/tas_rcp85_land-rcm_uk_12km_12_day_20101201-20201130.nc'}
<xarray.Dataset>
Dimensions:                  (ensemble_member: 1, projection_x_coordinate: 82, projection_y_coordinate: 112, time: 3600)
Coordinates:
  * ensemble_member          (ensemble_member) int32 12
  * time                     (time) object 2010-12-01 12:00:00 ... 2020-11-30 12:00:00
  * projection_y_coordinate  (projection_y_coordinate) float64 -1.02e+05 ... 1.23e+06
  * projection_x_coordinate  (projection_x_coordinate) float64 -2.1e+05 ... 7.62e+05
    ensemble_member_id       (ensemble_member) |S27 b'HadREM3-GA705-r001i1p02335 '
    grid_latitude            (projection_y_coordinate, projection_x_coordinate) float64 1.433 ... 10.63
    grid_longitude           (projection_y_coordinate, projection_x_coordinate) float64 -18.24 ... -6.58
    month_number             (time) int32 12 12 12 12 12 12 ... 11 11 11 11 11
    year                     (time) int32 2010 2010 2010 2010 ... 2020 2020 2020
    yyyymmdd                 (time) |S64 b'20101201                                                        ' ... b'20201130                                                        '
Data variables:
    RH_mean                  (ensemble_member, time, projection_y_coordinate, projection_x_coordinate) float32 ...
    transverse_mercator      int32 -2147483647
    P                        (ensemble_member, time, projection_y_coordinate, projection_x_coordinate) float32 100.43288 ... 100.87059
    R_nl                     (ensemble_member, time, projection_y_coordinate, projection_x_coordinate) float32 5.6842623 ... 3.5850503
    R_ns                     (ensemble_member, time, projection_y_coordinate, projection_x_coordinate) float32 3.0015972 ... 0.3206441
    U_z                      (ensemble_member, time, projection_y_coordinate, projection_x_coordinate) float32 ...
    T_max                    (ensemble_member, time, projection_y_coordinate, projection_x_coordinate) float32 ...
    T_min                    (ensemble_member, time, projection_y_coordinate, projection_x_coordinate) float32 ...
    T_mean                   (ensemble_member, time, projection_y_coordinate, projection_x_coordinate) float32 ...
<eto.core.ETo_xr object at 0x7f3c9b277990>
evpot-fao56_rcp85_land-rcm_uk_12km_12_day_20201201-20301130.nc
os.getcwd: 
 /home/users/nelerey/phd_code/ETo/applications
sys.path: 
 ['/home/users/nelerey/phd_code/ETo/applications', '/apps/jasmin/jaspy/miniconda_envs/jaspy3.7/m3-4.6.14/envs/jaspy3.7-m3-4.6.14-r20200606/lib/python37.zip', '/apps/jasmin/jaspy/miniconda_envs/jaspy3.7/m3-4.6.14/envs/jaspy3.7-m3-4.6.14-r20200606/lib/python3.7', '/apps/jasmin/jaspy/miniconda_envs/jaspy3.7/m3-4.6.14/envs/jaspy3.7-m3-4.6.14-r20200606/lib/python3.7/lib-dynload', '/apps/jasmin/jaspy/miniconda_envs/jaspy3.7/m3-4.6.14/envs/jaspy3.7-m3-4.6.14-r20200606/lib/python3.7/site-packages', '/home/users/nelerey/phd_code/ETo/applications', '/home/users/nelerey/phd_code/ETo']
{'varlist': 'hurs,psl,rls,rss,sfcWind,tasmax,tasmin,tas', 'in_path_format': '/badc/ukcp18/data/land-rcm/uk/12km/rcp85/12/{var}/day/latest/{var}_rcp85_land-rcm_uk_12km_12_day_20201201-20301130.nc', 'out_path_format': '/home/users/nelerey/data/PE/ETo-fao56/{}_rcp85_land-rcm_uk_12km_12_day_20201201-20301130.nc', 'outvarname': 'evpot-fao56'}
paths dict: 
 {'hurs': '/badc/ukcp18/data/land-rcm/uk/12km/rcp85/12/hurs/day/latest/hurs_rcp85_land-rcm_uk_12km_12_day_20201201-20301130.nc', 'psl': '/badc/ukcp18/data/land-rcm/uk/12km/rcp85/12/psl/day/latest/psl_rcp85_land-rcm_uk_12km_12_day_20201201-20301130.nc', 'rls': '/badc/ukcp18/data/land-rcm/uk/12km/rcp85/12/rls/day/latest/rls_rcp85_land-rcm_uk_12km_12_day_20201201-20301130.nc', 'rss': '/badc/ukcp18/data/land-rcm/uk/12km/rcp85/12/rss/day/latest/rss_rcp85_land-rcm_uk_12km_12_day_20201201-20301130.nc', 'sfcWind': '/badc/ukcp18/data/land-rcm/uk/12km/rcp85/12/sfcWind/day/latest/sfcWind_rcp85_land-rcm_uk_12km_12_day_20201201-20301130.nc', 'tasmax': '/badc/ukcp18/data/land-rcm/uk/12km/rcp85/12/tasmax/day/latest/tasmax_rcp85_land-rcm_uk_12km_12_day_20201201-20301130.nc', 'tasmin': '/badc/ukcp18/data/land-rcm/uk/12km/rcp85/12/tasmin/day/latest/tasmin_rcp85_land-rcm_uk_12km_12_day_20201201-20301130.nc', 'tas': '/badc/ukcp18/data/land-rcm/uk/12km/rcp85/12/tas/day/latest/tas_rcp85_land-rcm_uk_12km_12_day_20201201-20301130.nc'}
<xarray.Dataset>
Dimensions:                  (ensemble_member: 1, projection_x_coordinate: 82, projection_y_coordinate: 112, time: 3600)
Coordinates:
  * ensemble_member          (ensemble_member) int32 12
  * time                     (time) object 2020-12-01 12:00:00 ... 2030-11-30 12:00:00
  * projection_y_coordinate  (projection_y_coordinate) float64 -1.02e+05 ... 1.23e+06
  * projection_x_coordinate  (projection_x_coordinate) float64 -2.1e+05 ... 7.62e+05
    ensemble_member_id       (ensemble_member) |S27 b'HadREM3-GA705-r001i1p02335 '
    grid_latitude            (projection_y_coordinate, projection_x_coordinate) float64 1.433 ... 10.63
    grid_longitude           (projection_y_coordinate, projection_x_coordinate) float64 -18.24 ... -6.58
    month_number             (time) int32 12 12 12 12 12 12 ... 11 11 11 11 11
    year                     (time) int32 2020 2020 2020 2020 ... 2030 2030 2030
    yyyymmdd                 (time) |S64 b'20201201                                                        ' ... b'20301130                                                        '
Data variables:
    RH_mean                  (ensemble_member, time, projection_y_coordinate, projection_x_coordinate) float32 ...
    transverse_mercator      int32 -2147483647
    P                        (ensemble_member, time, projection_y_coordinate, projection_x_coordinate) float32 103.416954 ... 103.03943
    R_nl                     (ensemble_member, time, projection_y_coordinate, projection_x_coordinate) float32 4.256115 ... 1.8725786
    R_ns                     (ensemble_member, time, projection_y_coordinate, projection_x_coordinate) float32 2.3346784 ... 0.47704396
    U_z                      (ensemble_member, time, projection_y_coordinate, projection_x_coordinate) float32 ...
    T_max                    (ensemble_member, time, projection_y_coordinate, projection_x_coordinate) float32 ...
    T_min                    (ensemble_member, time, projection_y_coordinate, projection_x_coordinate) float32 ...
    T_mean                   (ensemble_member, time, projection_y_coordinate, projection_x_coordinate) float32 ...
<eto.core.ETo_xr object at 0x7f7c2ce5af50>
evpot-fao56_rcp85_land-rcm_uk_12km_12_day_20301201-20401130.nc
os.getcwd: 
 /home/users/nelerey/phd_code/ETo/applications
sys.path: 
 ['/home/users/nelerey/phd_code/ETo/applications', '/apps/jasmin/jaspy/miniconda_envs/jaspy3.7/m3-4.6.14/envs/jaspy3.7-m3-4.6.14-r20200606/lib/python37.zip', '/apps/jasmin/jaspy/miniconda_envs/jaspy3.7/m3-4.6.14/envs/jaspy3.7-m3-4.6.14-r20200606/lib/python3.7', '/apps/jasmin/jaspy/miniconda_envs/jaspy3.7/m3-4.6.14/envs/jaspy3.7-m3-4.6.14-r20200606/lib/python3.7/lib-dynload', '/apps/jasmin/jaspy/miniconda_envs/jaspy3.7/m3-4.6.14/envs/jaspy3.7-m3-4.6.14-r20200606/lib/python3.7/site-packages', '/home/users/nelerey/phd_code/ETo/applications', '/home/users/nelerey/phd_code/ETo']
{'varlist': 'hurs,psl,rls,rss,sfcWind,tasmax,tasmin,tas', 'in_path_format': '/badc/ukcp18/data/land-rcm/uk/12km/rcp85/12/{var}/day/latest/{var}_rcp85_land-rcm_uk_12km_12_day_20301201-20401130.nc', 'out_path_format': '/home/users/nelerey/data/PE/ETo-fao56/{}_rcp85_land-rcm_uk_12km_12_day_20301201-20401130.nc', 'outvarname': 'evpot-fao56'}
paths dict: 
 {'hurs': '/badc/ukcp18/data/land-rcm/uk/12km/rcp85/12/hurs/day/latest/hurs_rcp85_land-rcm_uk_12km_12_day_20301201-20401130.nc', 'psl': '/badc/ukcp18/data/land-rcm/uk/12km/rcp85/12/psl/day/latest/psl_rcp85_land-rcm_uk_12km_12_day_20301201-20401130.nc', 'rls': '/badc/ukcp18/data/land-rcm/uk/12km/rcp85/12/rls/day/latest/rls_rcp85_land-rcm_uk_12km_12_day_20301201-20401130.nc', 'rss': '/badc/ukcp18/data/land-rcm/uk/12km/rcp85/12/rss/day/latest/rss_rcp85_land-rcm_uk_12km_12_day_20301201-20401130.nc', 'sfcWind': '/badc/ukcp18/data/land-rcm/uk/12km/rcp85/12/sfcWind/day/latest/sfcWind_rcp85_land-rcm_uk_12km_12_day_20301201-20401130.nc', 'tasmax': '/badc/ukcp18/data/land-rcm/uk/12km/rcp85/12/tasmax/day/latest/tasmax_rcp85_land-rcm_uk_12km_12_day_20301201-20401130.nc', 'tasmin': '/badc/ukcp18/data/land-rcm/uk/12km/rcp85/12/tasmin/day/latest/tasmin_rcp85_land-rcm_uk_12km_12_day_20301201-20401130.nc', 'tas': '/badc/ukcp18/data/land-rcm/uk/12km/rcp85/12/tas/day/latest/tas_rcp85_land-rcm_uk_12km_12_day_20301201-20401130.nc'}
<xarray.Dataset>
Dimensions:                  (ensemble_member: 1, projection_x_coordinate: 82, projection_y_coordinate: 112, time: 3600)
Coordinates:
  * ensemble_member          (ensemble_member) int32 12
  * time                     (time) object 2030-12-01 12:00:00 ... 2040-11-30 12:00:00
  * projection_y_coordinate  (projection_y_coordinate) float64 -1.02e+05 ... 1.23e+06
  * projection_x_coordinate  (projection_x_coordinate) float64 -2.1e+05 ... 7.62e+05
    ensemble_member_id       (ensemble_member) |S27 b'HadREM3-GA705-r001i1p02335 '
    grid_latitude            (projection_y_coordinate, projection_x_coordinate) float64 1.433 ... 10.63
    grid_longitude           (projection_y_coordinate, projection_x_coordinate) float64 -18.24 ... -6.58
    month_number             (time) int32 12 12 12 12 12 12 ... 11 11 11 11 11
    year                     (time) int32 2030 2030 2030 2030 ... 2040 2040 2040
    yyyymmdd                 (time) |S64 b'20301201                                                        ' ... b'20401130                                                        '
Data variables:
    RH_mean                  (ensemble_member, time, projection_y_coordinate, projection_x_coordinate) float32 ...
    transverse_mercator      int32 -2147483647
    P                        (ensemble_member, time, projection_y_coordinate, projection_x_coordinate) float32 102.935135 ... 99.55796
    R_nl                     (ensemble_member, time, projection_y_coordinate, projection_x_coordinate) float32 7.5472436 ... 3.2972937
    R_ns                     (ensemble_member, time, projection_y_coordinate, projection_x_coordinate) float32 4.2139525 ... 0.6532311
    U_z                      (ensemble_member, time, projection_y_coordinate, projection_x_coordinate) float32 ...
    T_max                    (ensemble_member, time, projection_y_coordinate, projection_x_coordinate) float32 ...
    T_min                    (ensemble_member, time, projection_y_coordinate, projection_x_coordinate) float32 ...
    T_mean                   (ensemble_member, time, projection_y_coordinate, projection_x_coordinate) float32 ...
<eto.core.ETo_xr object at 0x7fbf38bf7f90>
evpot-fao56_rcp85_land-rcm_uk_12km_12_day_20401201-20501130.nc
os.getcwd: 
 /home/users/nelerey/phd_code/ETo/applications
sys.path: 
 ['/home/users/nelerey/phd_code/ETo/applications', '/apps/jasmin/jaspy/miniconda_envs/jaspy3.7/m3-4.6.14/envs/jaspy3.7-m3-4.6.14-r20200606/lib/python37.zip', '/apps/jasmin/jaspy/miniconda_envs/jaspy3.7/m3-4.6.14/envs/jaspy3.7-m3-4.6.14-r20200606/lib/python3.7', '/apps/jasmin/jaspy/miniconda_envs/jaspy3.7/m3-4.6.14/envs/jaspy3.7-m3-4.6.14-r20200606/lib/python3.7/lib-dynload', '/apps/jasmin/jaspy/miniconda_envs/jaspy3.7/m3-4.6.14/envs/jaspy3.7-m3-4.6.14-r20200606/lib/python3.7/site-packages', '/home/users/nelerey/phd_code/ETo/applications', '/home/users/nelerey/phd_code/ETo']
{'varlist': 'hurs,psl,rls,rss,sfcWind,tasmax,tasmin,tas', 'in_path_format': '/badc/ukcp18/data/land-rcm/uk/12km/rcp85/12/{var}/day/latest/{var}_rcp85_land-rcm_uk_12km_12_day_20401201-20501130.nc', 'out_path_format': '/home/users/nelerey/data/PE/ETo-fao56/{}_rcp85_land-rcm_uk_12km_12_day_20401201-20501130.nc', 'outvarname': 'evpot-fao56'}
paths dict: 
 {'hurs': '/badc/ukcp18/data/land-rcm/uk/12km/rcp85/12/hurs/day/latest/hurs_rcp85_land-rcm_uk_12km_12_day_20401201-20501130.nc', 'psl': '/badc/ukcp18/data/land-rcm/uk/12km/rcp85/12/psl/day/latest/psl_rcp85_land-rcm_uk_12km_12_day_20401201-20501130.nc', 'rls': '/badc/ukcp18/data/land-rcm/uk/12km/rcp85/12/rls/day/latest/rls_rcp85_land-rcm_uk_12km_12_day_20401201-20501130.nc', 'rss': '/badc/ukcp18/data/land-rcm/uk/12km/rcp85/12/rss/day/latest/rss_rcp85_land-rcm_uk_12km_12_day_20401201-20501130.nc', 'sfcWind': '/badc/ukcp18/data/land-rcm/uk/12km/rcp85/12/sfcWind/day/latest/sfcWind_rcp85_land-rcm_uk_12km_12_day_20401201-20501130.nc', 'tasmax': '/badc/ukcp18/data/land-rcm/uk/12km/rcp85/12/tasmax/day/latest/tasmax_rcp85_land-rcm_uk_12km_12_day_20401201-20501130.nc', 'tasmin': '/badc/ukcp18/data/land-rcm/uk/12km/rcp85/12/tasmin/day/latest/tasmin_rcp85_land-rcm_uk_12km_12_day_20401201-20501130.nc', 'tas': '/badc/ukcp18/data/land-rcm/uk/12km/rcp85/12/tas/day/latest/tas_rcp85_land-rcm_uk_12km_12_day_20401201-20501130.nc'}
<xarray.Dataset>
Dimensions:                  (ensemble_member: 1, projection_x_coordinate: 82, projection_y_coordinate: 112, time: 3600)
Coordinates:
  * ensemble_member          (ensemble_member) int32 12
  * time                     (time) object 2040-12-01 12:00:00 ... 2050-11-30 12:00:00
  * projection_y_coordinate  (projection_y_coordinate) float64 -1.02e+05 ... 1.23e+06
  * projection_x_coordinate  (projection_x_coordinate) float64 -2.1e+05 ... 7.62e+05
    ensemble_member_id       (ensemble_member) |S27 b'HadREM3-GA705-r001i1p02335 '
    grid_latitude            (projection_y_coordinate, projection_x_coordinate) float64 1.433 ... 10.63
    grid_longitude           (projection_y_coordinate, projection_x_coordinate) float64 -18.24 ... -6.58
    month_number             (time) int32 12 12 12 12 12 12 ... 11 11 11 11 11
    year                     (time) int32 2040 2040 2040 2040 ... 2050 2050 2050
    yyyymmdd                 (time) |S64 b'20401201                                                        ' ... b'20501130                                                        '
Data variables:
    RH_mean                  (ensemble_member, time, projection_y_coordinate, projection_x_coordinate) float32 ...
    transverse_mercator      int32 -2147483647
    P                        (ensemble_member, time, projection_y_coordinate, projection_x_coordinate) float32 102.014206 ... 101.70626
    R_nl                     (ensemble_member, time, projection_y_coordinate, projection_x_coordinate) float32 1.4231431 ... 1.7887205
    R_ns                     (ensemble_member, time, projection_y_coordinate, projection_x_coordinate) float32 1.3517646 ... 0.21062478
    U_z                      (ensemble_member, time, projection_y_coordinate, projection_x_coordinate) float32 ...
    T_max                    (ensemble_member, time, projection_y_coordinate, projection_x_coordinate) float32 ...
    T_min                    (ensemble_member, time, projection_y_coordinate, projection_x_coordinate) float32 ...
    T_mean                   (ensemble_member, time, projection_y_coordinate, projection_x_coordinate) float32 ...
<eto.core.ETo_xr object at 0x7f7c9f15a950>
evpot-fao56_rcp85_land-rcm_uk_12km_12_day_20501201-20601130.nc
os.getcwd: 
 /home/users/nelerey/phd_code/ETo/applications
sys.path: 
 ['/home/users/nelerey/phd_code/ETo/applications', '/apps/jasmin/jaspy/miniconda_envs/jaspy3.7/m3-4.6.14/envs/jaspy3.7-m3-4.6.14-r20200606/lib/python37.zip', '/apps/jasmin/jaspy/miniconda_envs/jaspy3.7/m3-4.6.14/envs/jaspy3.7-m3-4.6.14-r20200606/lib/python3.7', '/apps/jasmin/jaspy/miniconda_envs/jaspy3.7/m3-4.6.14/envs/jaspy3.7-m3-4.6.14-r20200606/lib/python3.7/lib-dynload', '/apps/jasmin/jaspy/miniconda_envs/jaspy3.7/m3-4.6.14/envs/jaspy3.7-m3-4.6.14-r20200606/lib/python3.7/site-packages', '/home/users/nelerey/phd_code/ETo/applications', '/home/users/nelerey/phd_code/ETo']
{'varlist': 'hurs,psl,rls,rss,sfcWind,tasmax,tasmin,tas', 'in_path_format': '/badc/ukcp18/data/land-rcm/uk/12km/rcp85/12/{var}/day/latest/{var}_rcp85_land-rcm_uk_12km_12_day_20501201-20601130.nc', 'out_path_format': '/home/users/nelerey/data/PE/ETo-fao56/{}_rcp85_land-rcm_uk_12km_12_day_20501201-20601130.nc', 'outvarname': 'evpot-fao56'}
paths dict: 
 {'hurs': '/badc/ukcp18/data/land-rcm/uk/12km/rcp85/12/hurs/day/latest/hurs_rcp85_land-rcm_uk_12km_12_day_20501201-20601130.nc', 'psl': '/badc/ukcp18/data/land-rcm/uk/12km/rcp85/12/psl/day/latest/psl_rcp85_land-rcm_uk_12km_12_day_20501201-20601130.nc', 'rls': '/badc/ukcp18/data/land-rcm/uk/12km/rcp85/12/rls/day/latest/rls_rcp85_land-rcm_uk_12km_12_day_20501201-20601130.nc', 'rss': '/badc/ukcp18/data/land-rcm/uk/12km/rcp85/12/rss/day/latest/rss_rcp85_land-rcm_uk_12km_12_day_20501201-20601130.nc', 'sfcWind': '/badc/ukcp18/data/land-rcm/uk/12km/rcp85/12/sfcWind/day/latest/sfcWind_rcp85_land-rcm_uk_12km_12_day_20501201-20601130.nc', 'tasmax': '/badc/ukcp18/data/land-rcm/uk/12km/rcp85/12/tasmax/day/latest/tasmax_rcp85_land-rcm_uk_12km_12_day_20501201-20601130.nc', 'tasmin': '/badc/ukcp18/data/land-rcm/uk/12km/rcp85/12/tasmin/day/latest/tasmin_rcp85_land-rcm_uk_12km_12_day_20501201-20601130.nc', 'tas': '/badc/ukcp18/data/land-rcm/uk/12km/rcp85/12/tas/day/latest/tas_rcp85_land-rcm_uk_12km_12_day_20501201-20601130.nc'}
<xarray.Dataset>
Dimensions:                  (ensemble_member: 1, projection_x_coordinate: 82, projection_y_coordinate: 112, time: 3600)
Coordinates:
  * ensemble_member          (ensemble_member) int32 12
  * time                     (time) object 2050-12-01 12:00:00 ... 2060-11-30 12:00:00
  * projection_y_coordinate  (projection_y_coordinate) float64 -1.02e+05 ... 1.23e+06
  * projection_x_coordinate  (projection_x_coordinate) float64 -2.1e+05 ... 7.62e+05
    ensemble_member_id       (ensemble_member) |S27 b'HadREM3-GA705-r001i1p02335 '
    grid_latitude            (projection_y_coordinate, projection_x_coordinate) float64 1.433 ... 10.63
    grid_longitude           (projection_y_coordinate, projection_x_coordinate) float64 -18.24 ... -6.58
    month_number             (time) int32 12 12 12 12 12 12 ... 11 11 11 11 11
    year                     (time) int32 2050 2050 2050 2050 ... 2060 2060 2060
    yyyymmdd                 (time) |S64 b'20501201                                                        ' ... b'20601130                                                        '
Data variables:
    RH_mean                  (ensemble_member, time, projection_y_coordinate, projection_x_coordinate) float32 ...
    transverse_mercator      int32 -2147483647
    P                        (ensemble_member, time, projection_y_coordinate, projection_x_coordinate) float32 102.57666 ... 102.21977
    R_nl                     (ensemble_member, time, projection_y_coordinate, projection_x_coordinate) float32 0.46681616 ... 4.591716
    R_ns                     (ensemble_member, time, projection_y_coordinate, projection_x_coordinate) float32 1.6519742 ... 0.23928872
    U_z                      (ensemble_member, time, projection_y_coordinate, projection_x_coordinate) float32 ...
    T_max                    (ensemble_member, time, projection_y_coordinate, projection_x_coordinate) float32 ...
    T_min                    (ensemble_member, time, projection_y_coordinate, projection_x_coordinate) float32 ...
    T_mean                   (ensemble_member, time, projection_y_coordinate, projection_x_coordinate) float32 ...
<eto.core.ETo_xr object at 0x7f9a5f651950>
evpot-fao56_rcp85_land-rcm_uk_12km_12_day_20601201-20701130.nc
os.getcwd: 
 /home/users/nelerey/phd_code/ETo/applications
sys.path: 
 ['/home/users/nelerey/phd_code/ETo/applications', '/apps/jasmin/jaspy/miniconda_envs/jaspy3.7/m3-4.6.14/envs/jaspy3.7-m3-4.6.14-r20200606/lib/python37.zip', '/apps/jasmin/jaspy/miniconda_envs/jaspy3.7/m3-4.6.14/envs/jaspy3.7-m3-4.6.14-r20200606/lib/python3.7', '/apps/jasmin/jaspy/miniconda_envs/jaspy3.7/m3-4.6.14/envs/jaspy3.7-m3-4.6.14-r20200606/lib/python3.7/lib-dynload', '/apps/jasmin/jaspy/miniconda_envs/jaspy3.7/m3-4.6.14/envs/jaspy3.7-m3-4.6.14-r20200606/lib/python3.7/site-packages', '/home/users/nelerey/phd_code/ETo/applications', '/home/users/nelerey/phd_code/ETo']
{'varlist': 'hurs,psl,rls,rss,sfcWind,tasmax,tasmin,tas', 'in_path_format': '/badc/ukcp18/data/land-rcm/uk/12km/rcp85/12/{var}/day/latest/{var}_rcp85_land-rcm_uk_12km_12_day_20601201-20701130.nc', 'out_path_format': '/home/users/nelerey/data/PE/ETo-fao56/{}_rcp85_land-rcm_uk_12km_12_day_20601201-20701130.nc', 'outvarname': 'evpot-fao56'}
paths dict: 
 {'hurs': '/badc/ukcp18/data/land-rcm/uk/12km/rcp85/12/hurs/day/latest/hurs_rcp85_land-rcm_uk_12km_12_day_20601201-20701130.nc', 'psl': '/badc/ukcp18/data/land-rcm/uk/12km/rcp85/12/psl/day/latest/psl_rcp85_land-rcm_uk_12km_12_day_20601201-20701130.nc', 'rls': '/badc/ukcp18/data/land-rcm/uk/12km/rcp85/12/rls/day/latest/rls_rcp85_land-rcm_uk_12km_12_day_20601201-20701130.nc', 'rss': '/badc/ukcp18/data/land-rcm/uk/12km/rcp85/12/rss/day/latest/rss_rcp85_land-rcm_uk_12km_12_day_20601201-20701130.nc', 'sfcWind': '/badc/ukcp18/data/land-rcm/uk/12km/rcp85/12/sfcWind/day/latest/sfcWind_rcp85_land-rcm_uk_12km_12_day_20601201-20701130.nc', 'tasmax': '/badc/ukcp18/data/land-rcm/uk/12km/rcp85/12/tasmax/day/latest/tasmax_rcp85_land-rcm_uk_12km_12_day_20601201-20701130.nc', 'tasmin': '/badc/ukcp18/data/land-rcm/uk/12km/rcp85/12/tasmin/day/latest/tasmin_rcp85_land-rcm_uk_12km_12_day_20601201-20701130.nc', 'tas': '/badc/ukcp18/data/land-rcm/uk/12km/rcp85/12/tas/day/latest/tas_rcp85_land-rcm_uk_12km_12_day_20601201-20701130.nc'}
<xarray.Dataset>
Dimensions:                  (ensemble_member: 1, projection_x_coordinate: 82, projection_y_coordinate: 112, time: 3600)
Coordinates:
  * ensemble_member          (ensemble_member) int32 12
  * time                     (time) object 2060-12-01 12:00:00 ... 2070-11-30 12:00:00
  * projection_y_coordinate  (projection_y_coordinate) float64 -1.02e+05 ... 1.23e+06
  * projection_x_coordinate  (projection_x_coordinate) float64 -2.1e+05 ... 7.62e+05
    ensemble_member_id       (ensemble_member) |S27 b'HadREM3-GA705-r001i1p02335 '
    grid_latitude            (projection_y_coordinate, projection_x_coordinate) float64 1.433 ... 10.63
    grid_longitude           (projection_y_coordinate, projection_x_coordinate) float64 -18.24 ... -6.58
    month_number             (time) int32 12 12 12 12 12 12 ... 11 11 11 11 11
    year                     (time) int32 2060 2060 2060 2060 ... 2070 2070 2070
    yyyymmdd                 (time) |S64 b'20601201                                                        ' ... b'20701130                                                        '
Data variables:
    RH_mean                  (ensemble_member, time, projection_y_coordinate, projection_x_coordinate) float32 ...
    transverse_mercator      int32 -2147483647
    P                        (ensemble_member, time, projection_y_coordinate, projection_x_coordinate) float32 102.33779 ... 101.933136
    R_nl                     (ensemble_member, time, projection_y_coordinate, projection_x_coordinate) float32 1.2474749 ... 6.0747247
    R_ns                     (ensemble_member, time, projection_y_coordinate, projection_x_coordinate) float32 1.4159106 ... 1.0326296
    U_z                      (ensemble_member, time, projection_y_coordinate, projection_x_coordinate) float32 ...
    T_max                    (ensemble_member, time, projection_y_coordinate, projection_x_coordinate) float32 ...
    T_min                    (ensemble_member, time, projection_y_coordinate, projection_x_coordinate) float32 ...
    T_mean                   (ensemble_member, time, projection_y_coordinate, projection_x_coordinate) float32 ...
<eto.core.ETo_xr object at 0x7f2cb2c1dad0>
evpot-fao56_rcp85_land-rcm_uk_12km_12_day_20701201-20801130.nc
os.getcwd: 
 /home/users/nelerey/phd_code/ETo/applications
sys.path: 
 ['/home/users/nelerey/phd_code/ETo/applications', '/apps/jasmin/jaspy/miniconda_envs/jaspy3.7/m3-4.6.14/envs/jaspy3.7-m3-4.6.14-r20200606/lib/python37.zip', '/apps/jasmin/jaspy/miniconda_envs/jaspy3.7/m3-4.6.14/envs/jaspy3.7-m3-4.6.14-r20200606/lib/python3.7', '/apps/jasmin/jaspy/miniconda_envs/jaspy3.7/m3-4.6.14/envs/jaspy3.7-m3-4.6.14-r20200606/lib/python3.7/lib-dynload', '/apps/jasmin/jaspy/miniconda_envs/jaspy3.7/m3-4.6.14/envs/jaspy3.7-m3-4.6.14-r20200606/lib/python3.7/site-packages', '/home/users/nelerey/phd_code/ETo/applications', '/home/users/nelerey/phd_code/ETo']
{'varlist': 'hurs,psl,rls,rss,sfcWind,tasmax,tasmin,tas', 'in_path_format': '/badc/ukcp18/data/land-rcm/uk/12km/rcp85/12/{var}/day/latest/{var}_rcp85_land-rcm_uk_12km_12_day_20701201-20801130.nc', 'out_path_format': '/home/users/nelerey/data/PE/ETo-fao56/{}_rcp85_land-rcm_uk_12km_12_day_20701201-20801130.nc', 'outvarname': 'evpot-fao56'}
paths dict: 
 {'hurs': '/badc/ukcp18/data/land-rcm/uk/12km/rcp85/12/hurs/day/latest/hurs_rcp85_land-rcm_uk_12km_12_day_20701201-20801130.nc', 'psl': '/badc/ukcp18/data/land-rcm/uk/12km/rcp85/12/psl/day/latest/psl_rcp85_land-rcm_uk_12km_12_day_20701201-20801130.nc', 'rls': '/badc/ukcp18/data/land-rcm/uk/12km/rcp85/12/rls/day/latest/rls_rcp85_land-rcm_uk_12km_12_day_20701201-20801130.nc', 'rss': '/badc/ukcp18/data/land-rcm/uk/12km/rcp85/12/rss/day/latest/rss_rcp85_land-rcm_uk_12km_12_day_20701201-20801130.nc', 'sfcWind': '/badc/ukcp18/data/land-rcm/uk/12km/rcp85/12/sfcWind/day/latest/sfcWind_rcp85_land-rcm_uk_12km_12_day_20701201-20801130.nc', 'tasmax': '/badc/ukcp18/data/land-rcm/uk/12km/rcp85/12/tasmax/day/latest/tasmax_rcp85_land-rcm_uk_12km_12_day_20701201-20801130.nc', 'tasmin': '/badc/ukcp18/data/land-rcm/uk/12km/rcp85/12/tasmin/day/latest/tasmin_rcp85_land-rcm_uk_12km_12_day_20701201-20801130.nc', 'tas': '/badc/ukcp18/data/land-rcm/uk/12km/rcp85/12/tas/day/latest/tas_rcp85_land-rcm_uk_12km_12_day_20701201-20801130.nc'}
<xarray.Dataset>
Dimensions:                  (ensemble_member: 1, projection_x_coordinate: 82, projection_y_coordinate: 112, time: 3600)
Coordinates:
  * ensemble_member          (ensemble_member) int32 12
  * time                     (time) object 2070-12-01 12:00:00 ... 2080-11-30 12:00:00
  * projection_y_coordinate  (projection_y_coordinate) float64 -1.02e+05 ... 1.23e+06
  * projection_x_coordinate  (projection_x_coordinate) float64 -2.1e+05 ... 7.62e+05
    ensemble_member_id       (ensemble_member) |S27 b'HadREM3-GA705-r001i1p02335 '
    grid_latitude            (projection_y_coordinate, projection_x_coordinate) float64 1.433 ... 10.63
    grid_longitude           (projection_y_coordinate, projection_x_coordinate) float64 -18.24 ... -6.58
    month_number             (time) int32 12 12 12 12 12 12 ... 11 11 11 11 11
    year                     (time) int32 2070 2070 2070 2070 ... 2080 2080 2080
    yyyymmdd                 (time) |S64 b'20701201                                                        ' ... b'20801130                                                        '
Data variables:
    RH_mean                  (ensemble_member, time, projection_y_coordinate, projection_x_coordinate) float32 ...
    transverse_mercator      int32 -2147483647
    P                        (ensemble_member, time, projection_y_coordinate, projection_x_coordinate) float32 101.22624 ... 101.46544
    R_nl                     (ensemble_member, time, projection_y_coordinate, projection_x_coordinate) float32 0.12270892 ... 0.94827354
    R_ns                     (ensemble_member, time, projection_y_coordinate, projection_x_coordinate) float32 1.1403735 ... 0.2137331
    U_z                      (ensemble_member, time, projection_y_coordinate, projection_x_coordinate) float32 ...
    T_max                    (ensemble_member, time, projection_y_coordinate, projection_x_coordinate) float32 ...
    T_min                    (ensemble_member, time, projection_y_coordinate, projection_x_coordinate) float32 ...
    T_mean                   (ensemble_member, time, projection_y_coordinate, projection_x_coordinate) float32 ...
<eto.core.ETo_xr object at 0x7f2d75bbbf90>
