evpot-fao56_rcp85_land-rcm_uk_12km_15_day_19801201-19901130.nc
os.getcwd: 
 /home/users/nelerey/phd_code/ETo/applications
sys.path: 
 ['/home/users/nelerey/phd_code/ETo/applications', '/apps/jasmin/jaspy/miniconda_envs/jaspy3.7/m3-4.6.14/envs/jaspy3.7-m3-4.6.14-r20200606/lib/python37.zip', '/apps/jasmin/jaspy/miniconda_envs/jaspy3.7/m3-4.6.14/envs/jaspy3.7-m3-4.6.14-r20200606/lib/python3.7', '/apps/jasmin/jaspy/miniconda_envs/jaspy3.7/m3-4.6.14/envs/jaspy3.7-m3-4.6.14-r20200606/lib/python3.7/lib-dynload', '/apps/jasmin/jaspy/miniconda_envs/jaspy3.7/m3-4.6.14/envs/jaspy3.7-m3-4.6.14-r20200606/lib/python3.7/site-packages', '/home/users/nelerey/phd_code/ETo/applications', '/home/users/nelerey/phd_code/ETo']
{'varlist': 'hurs,psl,rls,rss,sfcWind,tasmax,tasmin,tas', 'in_path_format': '/badc/ukcp18/data/land-rcm/uk/12km/rcp85/15/{var}/day/latest/{var}_rcp85_land-rcm_uk_12km_15_day_19801201-19901130.nc', 'out_path_format': '/home/users/nelerey/data/PE/ETo-fao56/{}_rcp85_land-rcm_uk_12km_15_day_19801201-19901130.nc', 'outvarname': 'evpot-fao56'}
paths dict: 
 {'hurs': '/badc/ukcp18/data/land-rcm/uk/12km/rcp85/15/hurs/day/latest/hurs_rcp85_land-rcm_uk_12km_15_day_19801201-19901130.nc', 'psl': '/badc/ukcp18/data/land-rcm/uk/12km/rcp85/15/psl/day/latest/psl_rcp85_land-rcm_uk_12km_15_day_19801201-19901130.nc', 'rls': '/badc/ukcp18/data/land-rcm/uk/12km/rcp85/15/rls/day/latest/rls_rcp85_land-rcm_uk_12km_15_day_19801201-19901130.nc', 'rss': '/badc/ukcp18/data/land-rcm/uk/12km/rcp85/15/rss/day/latest/rss_rcp85_land-rcm_uk_12km_15_day_19801201-19901130.nc', 'sfcWind': '/badc/ukcp18/data/land-rcm/uk/12km/rcp85/15/sfcWind/day/latest/sfcWind_rcp85_land-rcm_uk_12km_15_day_19801201-19901130.nc', 'tasmax': '/badc/ukcp18/data/land-rcm/uk/12km/rcp85/15/tasmax/day/latest/tasmax_rcp85_land-rcm_uk_12km_15_day_19801201-19901130.nc', 'tasmin': '/badc/ukcp18/data/land-rcm/uk/12km/rcp85/15/tasmin/day/latest/tasmin_rcp85_land-rcm_uk_12km_15_day_19801201-19901130.nc', 'tas': '/badc/ukcp18/data/land-rcm/uk/12km/rcp85/15/tas/day/latest/tas_rcp85_land-rcm_uk_12km_15_day_19801201-19901130.nc'}
<xarray.Dataset>
Dimensions:                  (ensemble_member: 1, projection_x_coordinate: 82, projection_y_coordinate: 112, time: 3600)
Coordinates:
  * ensemble_member          (ensemble_member) int32 15
  * time                     (time) object 1980-12-01 12:00:00 ... 1990-11-30 12:00:00
  * projection_y_coordinate  (projection_y_coordinate) float64 -1.02e+05 ... 1.23e+06
  * projection_x_coordinate  (projection_x_coordinate) float64 -2.1e+05 ... 7.62e+05
    ensemble_member_id       (ensemble_member) |S27 b'HadREM3-GA705-r001i1p02868 '
    grid_latitude            (projection_y_coordinate, projection_x_coordinate) float64 1.433 ... 10.63
    grid_longitude           (projection_y_coordinate, projection_x_coordinate) float64 -18.24 ... -6.58
    month_number             (time) int32 12 12 12 12 12 12 ... 11 11 11 11 11
    year                     (time) int32 1980 1980 1980 1980 ... 1990 1990 1990
    yyyymmdd                 (time) |S64 b'19801201                                                        ' ... b'19901130                                                        '
Data variables:
    RH_mean                  (ensemble_member, time, projection_y_coordinate, projection_x_coordinate) float32 ...
    transverse_mercator      int32 -2147483647
    P                        (ensemble_member, time, projection_y_coordinate, projection_x_coordinate) float32 99.23219 ... 101.12734
    R_nl                     (ensemble_member, time, projection_y_coordinate, projection_x_coordinate) float32 3.9120197 ... 4.902801
    R_ns                     (ensemble_member, time, projection_y_coordinate, projection_x_coordinate) float32 2.3035965 ... 0.36057514
    U_z                      (ensemble_member, time, projection_y_coordinate, projection_x_coordinate) float32 ...
    T_max                    (ensemble_member, time, projection_y_coordinate, projection_x_coordinate) float32 ...
    T_min                    (ensemble_member, time, projection_y_coordinate, projection_x_coordinate) float32 ...
    T_mean                   (ensemble_member, time, projection_y_coordinate, projection_x_coordinate) float32 ...
<eto.core.ETo_xr object at 0x7f9989c588d0>
evpot-fao56_rcp85_land-rcm_uk_12km_15_day_19901201-20001130.nc
os.getcwd: 
 /home/users/nelerey/phd_code/ETo/applications
sys.path: 
 ['/home/users/nelerey/phd_code/ETo/applications', '/apps/jasmin/jaspy/miniconda_envs/jaspy3.7/m3-4.6.14/envs/jaspy3.7-m3-4.6.14-r20200606/lib/python37.zip', '/apps/jasmin/jaspy/miniconda_envs/jaspy3.7/m3-4.6.14/envs/jaspy3.7-m3-4.6.14-r20200606/lib/python3.7', '/apps/jasmin/jaspy/miniconda_envs/jaspy3.7/m3-4.6.14/envs/jaspy3.7-m3-4.6.14-r20200606/lib/python3.7/lib-dynload', '/apps/jasmin/jaspy/miniconda_envs/jaspy3.7/m3-4.6.14/envs/jaspy3.7-m3-4.6.14-r20200606/lib/python3.7/site-packages', '/home/users/nelerey/phd_code/ETo/applications', '/home/users/nelerey/phd_code/ETo']
{'varlist': 'hurs,psl,rls,rss,sfcWind,tasmax,tasmin,tas', 'in_path_format': '/badc/ukcp18/data/land-rcm/uk/12km/rcp85/15/{var}/day/latest/{var}_rcp85_land-rcm_uk_12km_15_day_19901201-20001130.nc', 'out_path_format': '/home/users/nelerey/data/PE/ETo-fao56/{}_rcp85_land-rcm_uk_12km_15_day_19901201-20001130.nc', 'outvarname': 'evpot-fao56'}
paths dict: 
 {'hurs': '/badc/ukcp18/data/land-rcm/uk/12km/rcp85/15/hurs/day/latest/hurs_rcp85_land-rcm_uk_12km_15_day_19901201-20001130.nc', 'psl': '/badc/ukcp18/data/land-rcm/uk/12km/rcp85/15/psl/day/latest/psl_rcp85_land-rcm_uk_12km_15_day_19901201-20001130.nc', 'rls': '/badc/ukcp18/data/land-rcm/uk/12km/rcp85/15/rls/day/latest/rls_rcp85_land-rcm_uk_12km_15_day_19901201-20001130.nc', 'rss': '/badc/ukcp18/data/land-rcm/uk/12km/rcp85/15/rss/day/latest/rss_rcp85_land-rcm_uk_12km_15_day_19901201-20001130.nc', 'sfcWind': '/badc/ukcp18/data/land-rcm/uk/12km/rcp85/15/sfcWind/day/latest/sfcWind_rcp85_land-rcm_uk_12km_15_day_19901201-20001130.nc', 'tasmax': '/badc/ukcp18/data/land-rcm/uk/12km/rcp85/15/tasmax/day/latest/tasmax_rcp85_land-rcm_uk_12km_15_day_19901201-20001130.nc', 'tasmin': '/badc/ukcp18/data/land-rcm/uk/12km/rcp85/15/tasmin/day/latest/tasmin_rcp85_land-rcm_uk_12km_15_day_19901201-20001130.nc', 'tas': '/badc/ukcp18/data/land-rcm/uk/12km/rcp85/15/tas/day/latest/tas_rcp85_land-rcm_uk_12km_15_day_19901201-20001130.nc'}
<xarray.Dataset>
Dimensions:                  (ensemble_member: 1, projection_x_coordinate: 82, projection_y_coordinate: 112, time: 3600)
Coordinates:
  * ensemble_member          (ensemble_member) int32 15
  * time                     (time) object 1990-12-01 12:00:00 ... 2000-11-30 12:00:00
  * projection_y_coordinate  (projection_y_coordinate) float64 -1.02e+05 ... 1.23e+06
  * projection_x_coordinate  (projection_x_coordinate) float64 -2.1e+05 ... 7.62e+05
    ensemble_member_id       (ensemble_member) |S27 b'HadREM3-GA705-r001i1p02868 '
    grid_latitude            (projection_y_coordinate, projection_x_coordinate) float64 1.433 ... 10.63
    grid_longitude           (projection_y_coordinate, projection_x_coordinate) float64 -18.24 ... -6.58
    month_number             (time) int32 12 12 12 12 12 12 ... 11 11 11 11 11
    year                     (time) int32 1990 1990 1990 1990 ... 2000 2000 2000
    yyyymmdd                 (time) |S64 b'19901201                                                        ' ... b'20001130                                                        '
Data variables:
    RH_mean                  (ensemble_member, time, projection_y_coordinate, projection_x_coordinate) float32 ...
    transverse_mercator      int32 -2147483647
    P                        (ensemble_member, time, projection_y_coordinate, projection_x_coordinate) float32 103.63696 ... 103.201096
    R_nl                     (ensemble_member, time, projection_y_coordinate, projection_x_coordinate) float32 7.204071 ... 3.6595495
    R_ns                     (ensemble_member, time, projection_y_coordinate, projection_x_coordinate) float32 3.6965668 ... 0.55680215
    U_z                      (ensemble_member, time, projection_y_coordinate, projection_x_coordinate) float32 ...
    T_max                    (ensemble_member, time, projection_y_coordinate, projection_x_coordinate) float32 ...
    T_min                    (ensemble_member, time, projection_y_coordinate, projection_x_coordinate) float32 ...
    T_mean                   (ensemble_member, time, projection_y_coordinate, projection_x_coordinate) float32 ...
<eto.core.ETo_xr object at 0x7fb879be7e90>
evpot-fao56_rcp85_land-rcm_uk_12km_15_day_20001201-20101130.nc
os.getcwd: 
 /home/users/nelerey/phd_code/ETo/applications
sys.path: 
 ['/home/users/nelerey/phd_code/ETo/applications', '/apps/jasmin/jaspy/miniconda_envs/jaspy3.7/m3-4.6.14/envs/jaspy3.7-m3-4.6.14-r20200606/lib/python37.zip', '/apps/jasmin/jaspy/miniconda_envs/jaspy3.7/m3-4.6.14/envs/jaspy3.7-m3-4.6.14-r20200606/lib/python3.7', '/apps/jasmin/jaspy/miniconda_envs/jaspy3.7/m3-4.6.14/envs/jaspy3.7-m3-4.6.14-r20200606/lib/python3.7/lib-dynload', '/apps/jasmin/jaspy/miniconda_envs/jaspy3.7/m3-4.6.14/envs/jaspy3.7-m3-4.6.14-r20200606/lib/python3.7/site-packages', '/home/users/nelerey/phd_code/ETo/applications', '/home/users/nelerey/phd_code/ETo']
{'varlist': 'hurs,psl,rls,rss,sfcWind,tasmax,tasmin,tas', 'in_path_format': '/badc/ukcp18/data/land-rcm/uk/12km/rcp85/15/{var}/day/latest/{var}_rcp85_land-rcm_uk_12km_15_day_20001201-20101130.nc', 'out_path_format': '/home/users/nelerey/data/PE/ETo-fao56/{}_rcp85_land-rcm_uk_12km_15_day_20001201-20101130.nc', 'outvarname': 'evpot-fao56'}
paths dict: 
 {'hurs': '/badc/ukcp18/data/land-rcm/uk/12km/rcp85/15/hurs/day/latest/hurs_rcp85_land-rcm_uk_12km_15_day_20001201-20101130.nc', 'psl': '/badc/ukcp18/data/land-rcm/uk/12km/rcp85/15/psl/day/latest/psl_rcp85_land-rcm_uk_12km_15_day_20001201-20101130.nc', 'rls': '/badc/ukcp18/data/land-rcm/uk/12km/rcp85/15/rls/day/latest/rls_rcp85_land-rcm_uk_12km_15_day_20001201-20101130.nc', 'rss': '/badc/ukcp18/data/land-rcm/uk/12km/rcp85/15/rss/day/latest/rss_rcp85_land-rcm_uk_12km_15_day_20001201-20101130.nc', 'sfcWind': '/badc/ukcp18/data/land-rcm/uk/12km/rcp85/15/sfcWind/day/latest/sfcWind_rcp85_land-rcm_uk_12km_15_day_20001201-20101130.nc', 'tasmax': '/badc/ukcp18/data/land-rcm/uk/12km/rcp85/15/tasmax/day/latest/tasmax_rcp85_land-rcm_uk_12km_15_day_20001201-20101130.nc', 'tasmin': '/badc/ukcp18/data/land-rcm/uk/12km/rcp85/15/tasmin/day/latest/tasmin_rcp85_land-rcm_uk_12km_15_day_20001201-20101130.nc', 'tas': '/badc/ukcp18/data/land-rcm/uk/12km/rcp85/15/tas/day/latest/tas_rcp85_land-rcm_uk_12km_15_day_20001201-20101130.nc'}
<xarray.Dataset>
Dimensions:                  (ensemble_member: 1, projection_x_coordinate: 82, projection_y_coordinate: 112, time: 3600)
Coordinates:
  * ensemble_member          (ensemble_member) int32 15
  * time                     (time) object 2000-12-01 12:00:00 ... 2010-11-30 12:00:00
  * projection_y_coordinate  (projection_y_coordinate) float64 -1.02e+05 ... 1.23e+06
  * projection_x_coordinate  (projection_x_coordinate) float64 -2.1e+05 ... 7.62e+05
    ensemble_member_id       (ensemble_member) |S27 b'HadREM3-GA705-r001i1p02868 '
    grid_latitude            (projection_y_coordinate, projection_x_coordinate) float64 1.433 ... 10.63
    grid_longitude           (projection_y_coordinate, projection_x_coordinate) float64 -18.24 ... -6.58
    month_number             (time) int32 12 12 12 12 12 12 ... 11 11 11 11 11
    year                     (time) int32 2000 2000 2000 2000 ... 2010 2010 2010
    yyyymmdd                 (time) |S64 b'20001201                                                        ' ... b'20101130                                                        '
Data variables:
    RH_mean                  (ensemble_member, time, projection_y_coordinate, projection_x_coordinate) float32 ...
    transverse_mercator      int32 -2147483647
    P                        (ensemble_member, time, projection_y_coordinate, projection_x_coordinate) float32 101.767296 ... 99.69921
    R_nl                     (ensemble_member, time, projection_y_coordinate, projection_x_coordinate) float32 6.1763444 ... 4.995079
    R_ns                     (ensemble_member, time, projection_y_coordinate, projection_x_coordinate) float32 3.7789516 ... 0.734856
    U_z                      (ensemble_member, time, projection_y_coordinate, projection_x_coordinate) float32 ...
    T_max                    (ensemble_member, time, projection_y_coordinate, projection_x_coordinate) float32 ...
    T_min                    (ensemble_member, time, projection_y_coordinate, projection_x_coordinate) float32 ...
    T_mean                   (ensemble_member, time, projection_y_coordinate, projection_x_coordinate) float32 ...
<eto.core.ETo_xr object at 0x7f7dd442ff90>
evpot-fao56_rcp85_land-rcm_uk_12km_15_day_20101201-20201130.nc
os.getcwd: 
 /home/users/nelerey/phd_code/ETo/applications
sys.path: 
 ['/home/users/nelerey/phd_code/ETo/applications', '/apps/jasmin/jaspy/miniconda_envs/jaspy3.7/m3-4.6.14/envs/jaspy3.7-m3-4.6.14-r20200606/lib/python37.zip', '/apps/jasmin/jaspy/miniconda_envs/jaspy3.7/m3-4.6.14/envs/jaspy3.7-m3-4.6.14-r20200606/lib/python3.7', '/apps/jasmin/jaspy/miniconda_envs/jaspy3.7/m3-4.6.14/envs/jaspy3.7-m3-4.6.14-r20200606/lib/python3.7/lib-dynload', '/apps/jasmin/jaspy/miniconda_envs/jaspy3.7/m3-4.6.14/envs/jaspy3.7-m3-4.6.14-r20200606/lib/python3.7/site-packages', '/home/users/nelerey/phd_code/ETo/applications', '/home/users/nelerey/phd_code/ETo']
{'varlist': 'hurs,psl,rls,rss,sfcWind,tasmax,tasmin,tas', 'in_path_format': '/badc/ukcp18/data/land-rcm/uk/12km/rcp85/15/{var}/day/latest/{var}_rcp85_land-rcm_uk_12km_15_day_20101201-20201130.nc', 'out_path_format': '/home/users/nelerey/data/PE/ETo-fao56/{}_rcp85_land-rcm_uk_12km_15_day_20101201-20201130.nc', 'outvarname': 'evpot-fao56'}
paths dict: 
 {'hurs': '/badc/ukcp18/data/land-rcm/uk/12km/rcp85/15/hurs/day/latest/hurs_rcp85_land-rcm_uk_12km_15_day_20101201-20201130.nc', 'psl': '/badc/ukcp18/data/land-rcm/uk/12km/rcp85/15/psl/day/latest/psl_rcp85_land-rcm_uk_12km_15_day_20101201-20201130.nc', 'rls': '/badc/ukcp18/data/land-rcm/uk/12km/rcp85/15/rls/day/latest/rls_rcp85_land-rcm_uk_12km_15_day_20101201-20201130.nc', 'rss': '/badc/ukcp18/data/land-rcm/uk/12km/rcp85/15/rss/day/latest/rss_rcp85_land-rcm_uk_12km_15_day_20101201-20201130.nc', 'sfcWind': '/badc/ukcp18/data/land-rcm/uk/12km/rcp85/15/sfcWind/day/latest/sfcWind_rcp85_land-rcm_uk_12km_15_day_20101201-20201130.nc', 'tasmax': '/badc/ukcp18/data/land-rcm/uk/12km/rcp85/15/tasmax/day/latest/tasmax_rcp85_land-rcm_uk_12km_15_day_20101201-20201130.nc', 'tasmin': '/badc/ukcp18/data/land-rcm/uk/12km/rcp85/15/tasmin/day/latest/tasmin_rcp85_land-rcm_uk_12km_15_day_20101201-20201130.nc', 'tas': '/badc/ukcp18/data/land-rcm/uk/12km/rcp85/15/tas/day/latest/tas_rcp85_land-rcm_uk_12km_15_day_20101201-20201130.nc'}
<xarray.Dataset>
Dimensions:                  (ensemble_member: 1, projection_x_coordinate: 82, projection_y_coordinate: 112, time: 3600)
Coordinates:
  * ensemble_member          (ensemble_member) int32 15
  * time                     (time) object 2010-12-01 12:00:00 ... 2020-11-30 12:00:00
  * projection_y_coordinate  (projection_y_coordinate) float64 -1.02e+05 ... 1.23e+06
  * projection_x_coordinate  (projection_x_coordinate) float64 -2.1e+05 ... 7.62e+05
    ensemble_member_id       (ensemble_member) |S27 b'HadREM3-GA705-r001i1p02868 '
    grid_latitude            (projection_y_coordinate, projection_x_coordinate) float64 1.433 ... 10.63
    grid_longitude           (projection_y_coordinate, projection_x_coordinate) float64 -18.24 ... -6.58
    month_number             (time) int32 12 12 12 12 12 12 ... 11 11 11 11 11
    year                     (time) int32 2010 2010 2010 2010 ... 2020 2020 2020
    yyyymmdd                 (time) |S64 b'20101201                                                        ' ... b'20201130                                                        '
Data variables:
    RH_mean                  (ensemble_member, time, projection_y_coordinate, projection_x_coordinate) float32 ...
    transverse_mercator      int32 -2147483647
    P                        (ensemble_member, time, projection_y_coordinate, projection_x_coordinate) float32 100.17561 ... 100.619576
    R_nl                     (ensemble_member, time, projection_y_coordinate, projection_x_coordinate) float32 4.256182 ... 4.4157143
    R_ns                     (ensemble_member, time, projection_y_coordinate, projection_x_coordinate) float32 3.7359602 ... 0.26102835
    U_z                      (ensemble_member, time, projection_y_coordinate, projection_x_coordinate) float32 ...
    T_max                    (ensemble_member, time, projection_y_coordinate, projection_x_coordinate) float32 ...
    T_min                    (ensemble_member, time, projection_y_coordinate, projection_x_coordinate) float32 ...
    T_mean                   (ensemble_member, time, projection_y_coordinate, projection_x_coordinate) float32 ...
<eto.core.ETo_xr object at 0x7f71ad411fd0>
evpot-fao56_rcp85_land-rcm_uk_12km_15_day_20201201-20301130.nc
os.getcwd: 
 /home/users/nelerey/phd_code/ETo/applications
sys.path: 
 ['/home/users/nelerey/phd_code/ETo/applications', '/apps/jasmin/jaspy/miniconda_envs/jaspy3.7/m3-4.6.14/envs/jaspy3.7-m3-4.6.14-r20200606/lib/python37.zip', '/apps/jasmin/jaspy/miniconda_envs/jaspy3.7/m3-4.6.14/envs/jaspy3.7-m3-4.6.14-r20200606/lib/python3.7', '/apps/jasmin/jaspy/miniconda_envs/jaspy3.7/m3-4.6.14/envs/jaspy3.7-m3-4.6.14-r20200606/lib/python3.7/lib-dynload', '/apps/jasmin/jaspy/miniconda_envs/jaspy3.7/m3-4.6.14/envs/jaspy3.7-m3-4.6.14-r20200606/lib/python3.7/site-packages', '/home/users/nelerey/phd_code/ETo/applications', '/home/users/nelerey/phd_code/ETo']
{'varlist': 'hurs,psl,rls,rss,sfcWind,tasmax,tasmin,tas', 'in_path_format': '/badc/ukcp18/data/land-rcm/uk/12km/rcp85/15/{var}/day/latest/{var}_rcp85_land-rcm_uk_12km_15_day_20201201-20301130.nc', 'out_path_format': '/home/users/nelerey/data/PE/ETo-fao56/{}_rcp85_land-rcm_uk_12km_15_day_20201201-20301130.nc', 'outvarname': 'evpot-fao56'}
paths dict: 
 {'hurs': '/badc/ukcp18/data/land-rcm/uk/12km/rcp85/15/hurs/day/latest/hurs_rcp85_land-rcm_uk_12km_15_day_20201201-20301130.nc', 'psl': '/badc/ukcp18/data/land-rcm/uk/12km/rcp85/15/psl/day/latest/psl_rcp85_land-rcm_uk_12km_15_day_20201201-20301130.nc', 'rls': '/badc/ukcp18/data/land-rcm/uk/12km/rcp85/15/rls/day/latest/rls_rcp85_land-rcm_uk_12km_15_day_20201201-20301130.nc', 'rss': '/badc/ukcp18/data/land-rcm/uk/12km/rcp85/15/rss/day/latest/rss_rcp85_land-rcm_uk_12km_15_day_20201201-20301130.nc', 'sfcWind': '/badc/ukcp18/data/land-rcm/uk/12km/rcp85/15/sfcWind/day/latest/sfcWind_rcp85_land-rcm_uk_12km_15_day_20201201-20301130.nc', 'tasmax': '/badc/ukcp18/data/land-rcm/uk/12km/rcp85/15/tasmax/day/latest/tasmax_rcp85_land-rcm_uk_12km_15_day_20201201-20301130.nc', 'tasmin': '/badc/ukcp18/data/land-rcm/uk/12km/rcp85/15/tasmin/day/latest/tasmin_rcp85_land-rcm_uk_12km_15_day_20201201-20301130.nc', 'tas': '/badc/ukcp18/data/land-rcm/uk/12km/rcp85/15/tas/day/latest/tas_rcp85_land-rcm_uk_12km_15_day_20201201-20301130.nc'}
<xarray.Dataset>
Dimensions:                  (ensemble_member: 1, projection_x_coordinate: 82, projection_y_coordinate: 112, time: 3600)
Coordinates:
  * ensemble_member          (ensemble_member) int32 15
  * time                     (time) object 2020-12-01 12:00:00 ... 2030-11-30 12:00:00
  * projection_y_coordinate  (projection_y_coordinate) float64 -1.02e+05 ... 1.23e+06
  * projection_x_coordinate  (projection_x_coordinate) float64 -2.1e+05 ... 7.62e+05
    ensemble_member_id       (ensemble_member) |S27 b'HadREM3-GA705-r001i1p02868 '
    grid_latitude            (projection_y_coordinate, projection_x_coordinate) float64 1.433 ... 10.63
    grid_longitude           (projection_y_coordinate, projection_x_coordinate) float64 -18.24 ... -6.58
    month_number             (time) int32 12 12 12 12 12 12 ... 11 11 11 11 11
    year                     (time) int32 2020 2020 2020 2020 ... 2030 2030 2030
    yyyymmdd                 (time) |S64 b'20201201                                                        ' ... b'20301130                                                        '
Data variables:
    RH_mean                  (ensemble_member, time, projection_y_coordinate, projection_x_coordinate) float32 ...
    transverse_mercator      int32 -2147483647
    P                        (ensemble_member, time, projection_y_coordinate, projection_x_coordinate) float32 102.58602 ... 102.17047
    R_nl                     (ensemble_member, time, projection_y_coordinate, projection_x_coordinate) float32 4.026299 ... 4.957982
    R_ns                     (ensemble_member, time, projection_y_coordinate, projection_x_coordinate) float32 3.758964 ... 0.87669873
    U_z                      (ensemble_member, time, projection_y_coordinate, projection_x_coordinate) float32 ...
    T_max                    (ensemble_member, time, projection_y_coordinate, projection_x_coordinate) float32 ...
    T_min                    (ensemble_member, time, projection_y_coordinate, projection_x_coordinate) float32 ...
    T_mean                   (ensemble_member, time, projection_y_coordinate, projection_x_coordinate) float32 ...
<eto.core.ETo_xr object at 0x7f4c59073910>
evpot-fao56_rcp85_land-rcm_uk_12km_15_day_20301201-20401130.nc
os.getcwd: 
 /home/users/nelerey/phd_code/ETo/applications
sys.path: 
 ['/home/users/nelerey/phd_code/ETo/applications', '/apps/jasmin/jaspy/miniconda_envs/jaspy3.7/m3-4.6.14/envs/jaspy3.7-m3-4.6.14-r20200606/lib/python37.zip', '/apps/jasmin/jaspy/miniconda_envs/jaspy3.7/m3-4.6.14/envs/jaspy3.7-m3-4.6.14-r20200606/lib/python3.7', '/apps/jasmin/jaspy/miniconda_envs/jaspy3.7/m3-4.6.14/envs/jaspy3.7-m3-4.6.14-r20200606/lib/python3.7/lib-dynload', '/apps/jasmin/jaspy/miniconda_envs/jaspy3.7/m3-4.6.14/envs/jaspy3.7-m3-4.6.14-r20200606/lib/python3.7/site-packages', '/home/users/nelerey/phd_code/ETo/applications', '/home/users/nelerey/phd_code/ETo']
{'varlist': 'hurs,psl,rls,rss,sfcWind,tasmax,tasmin,tas', 'in_path_format': '/badc/ukcp18/data/land-rcm/uk/12km/rcp85/15/{var}/day/latest/{var}_rcp85_land-rcm_uk_12km_15_day_20301201-20401130.nc', 'out_path_format': '/home/users/nelerey/data/PE/ETo-fao56/{}_rcp85_land-rcm_uk_12km_15_day_20301201-20401130.nc', 'outvarname': 'evpot-fao56'}
paths dict: 
 {'hurs': '/badc/ukcp18/data/land-rcm/uk/12km/rcp85/15/hurs/day/latest/hurs_rcp85_land-rcm_uk_12km_15_day_20301201-20401130.nc', 'psl': '/badc/ukcp18/data/land-rcm/uk/12km/rcp85/15/psl/day/latest/psl_rcp85_land-rcm_uk_12km_15_day_20301201-20401130.nc', 'rls': '/badc/ukcp18/data/land-rcm/uk/12km/rcp85/15/rls/day/latest/rls_rcp85_land-rcm_uk_12km_15_day_20301201-20401130.nc', 'rss': '/badc/ukcp18/data/land-rcm/uk/12km/rcp85/15/rss/day/latest/rss_rcp85_land-rcm_uk_12km_15_day_20301201-20401130.nc', 'sfcWind': '/badc/ukcp18/data/land-rcm/uk/12km/rcp85/15/sfcWind/day/latest/sfcWind_rcp85_land-rcm_uk_12km_15_day_20301201-20401130.nc', 'tasmax': '/badc/ukcp18/data/land-rcm/uk/12km/rcp85/15/tasmax/day/latest/tasmax_rcp85_land-rcm_uk_12km_15_day_20301201-20401130.nc', 'tasmin': '/badc/ukcp18/data/land-rcm/uk/12km/rcp85/15/tasmin/day/latest/tasmin_rcp85_land-rcm_uk_12km_15_day_20301201-20401130.nc', 'tas': '/badc/ukcp18/data/land-rcm/uk/12km/rcp85/15/tas/day/latest/tas_rcp85_land-rcm_uk_12km_15_day_20301201-20401130.nc'}
<xarray.Dataset>
Dimensions:                  (ensemble_member: 1, projection_x_coordinate: 82, projection_y_coordinate: 112, time: 3600)
Coordinates:
  * ensemble_member          (ensemble_member) int32 15
  * time                     (time) object 2030-12-01 12:00:00 ... 2040-11-30 12:00:00
  * projection_y_coordinate  (projection_y_coordinate) float64 -1.02e+05 ... 1.23e+06
  * projection_x_coordinate  (projection_x_coordinate) float64 -2.1e+05 ... 7.62e+05
    ensemble_member_id       (ensemble_member) |S27 b'HadREM3-GA705-r001i1p02868 '
    grid_latitude            (projection_y_coordinate, projection_x_coordinate) float64 1.433 ... 10.63
    grid_longitude           (projection_y_coordinate, projection_x_coordinate) float64 -18.24 ... -6.58
    month_number             (time) int32 12 12 12 12 12 12 ... 11 11 11 11 11
    year                     (time) int32 2030 2030 2030 2030 ... 2040 2040 2040
    yyyymmdd                 (time) |S64 b'20301201                                                        ' ... b'20401130                                                        '
Data variables:
    RH_mean                  (ensemble_member, time, projection_y_coordinate, projection_x_coordinate) float32 ...
    transverse_mercator      int32 -2147483647
    P                        (ensemble_member, time, projection_y_coordinate, projection_x_coordinate) float32 101.38258 ... 97.03554
    R_nl                     (ensemble_member, time, projection_y_coordinate, projection_x_coordinate) float32 1.3423803 ... 3.889806
    R_ns                     (ensemble_member, time, projection_y_coordinate, projection_x_coordinate) float32 1.3073525 ... 0.13944729
    U_z                      (ensemble_member, time, projection_y_coordinate, projection_x_coordinate) float32 ...
    T_max                    (ensemble_member, time, projection_y_coordinate, projection_x_coordinate) float32 ...
    T_min                    (ensemble_member, time, projection_y_coordinate, projection_x_coordinate) float32 ...
    T_mean                   (ensemble_member, time, projection_y_coordinate, projection_x_coordinate) float32 ...
<eto.core.ETo_xr object at 0x7f0144236f10>
evpot-fao56_rcp85_land-rcm_uk_12km_15_day_20401201-20501130.nc
os.getcwd: 
 /home/users/nelerey/phd_code/ETo/applications
sys.path: 
 ['/home/users/nelerey/phd_code/ETo/applications', '/apps/jasmin/jaspy/miniconda_envs/jaspy3.7/m3-4.6.14/envs/jaspy3.7-m3-4.6.14-r20200606/lib/python37.zip', '/apps/jasmin/jaspy/miniconda_envs/jaspy3.7/m3-4.6.14/envs/jaspy3.7-m3-4.6.14-r20200606/lib/python3.7', '/apps/jasmin/jaspy/miniconda_envs/jaspy3.7/m3-4.6.14/envs/jaspy3.7-m3-4.6.14-r20200606/lib/python3.7/lib-dynload', '/apps/jasmin/jaspy/miniconda_envs/jaspy3.7/m3-4.6.14/envs/jaspy3.7-m3-4.6.14-r20200606/lib/python3.7/site-packages', '/home/users/nelerey/phd_code/ETo/applications', '/home/users/nelerey/phd_code/ETo']
{'varlist': 'hurs,psl,rls,rss,sfcWind,tasmax,tasmin,tas', 'in_path_format': '/badc/ukcp18/data/land-rcm/uk/12km/rcp85/15/{var}/day/latest/{var}_rcp85_land-rcm_uk_12km_15_day_20401201-20501130.nc', 'out_path_format': '/home/users/nelerey/data/PE/ETo-fao56/{}_rcp85_land-rcm_uk_12km_15_day_20401201-20501130.nc', 'outvarname': 'evpot-fao56'}
paths dict: 
 {'hurs': '/badc/ukcp18/data/land-rcm/uk/12km/rcp85/15/hurs/day/latest/hurs_rcp85_land-rcm_uk_12km_15_day_20401201-20501130.nc', 'psl': '/badc/ukcp18/data/land-rcm/uk/12km/rcp85/15/psl/day/latest/psl_rcp85_land-rcm_uk_12km_15_day_20401201-20501130.nc', 'rls': '/badc/ukcp18/data/land-rcm/uk/12km/rcp85/15/rls/day/latest/rls_rcp85_land-rcm_uk_12km_15_day_20401201-20501130.nc', 'rss': '/badc/ukcp18/data/land-rcm/uk/12km/rcp85/15/rss/day/latest/rss_rcp85_land-rcm_uk_12km_15_day_20401201-20501130.nc', 'sfcWind': '/badc/ukcp18/data/land-rcm/uk/12km/rcp85/15/sfcWind/day/latest/sfcWind_rcp85_land-rcm_uk_12km_15_day_20401201-20501130.nc', 'tasmax': '/badc/ukcp18/data/land-rcm/uk/12km/rcp85/15/tasmax/day/latest/tasmax_rcp85_land-rcm_uk_12km_15_day_20401201-20501130.nc', 'tasmin': '/badc/ukcp18/data/land-rcm/uk/12km/rcp85/15/tasmin/day/latest/tasmin_rcp85_land-rcm_uk_12km_15_day_20401201-20501130.nc', 'tas': '/badc/ukcp18/data/land-rcm/uk/12km/rcp85/15/tas/day/latest/tas_rcp85_land-rcm_uk_12km_15_day_20401201-20501130.nc'}
<xarray.Dataset>
Dimensions:                  (ensemble_member: 1, projection_x_coordinate: 82, projection_y_coordinate: 112, time: 3600)
Coordinates:
  * ensemble_member          (ensemble_member) int32 15
  * time                     (time) object 2040-12-01 12:00:00 ... 2050-11-30 12:00:00
  * projection_y_coordinate  (projection_y_coordinate) float64 -1.02e+05 ... 1.23e+06
  * projection_x_coordinate  (projection_x_coordinate) float64 -2.1e+05 ... 7.62e+05
    ensemble_member_id       (ensemble_member) |S27 b'HadREM3-GA705-r001i1p02868 '
    grid_latitude            (projection_y_coordinate, projection_x_coordinate) float64 1.433 ... 10.63
    grid_longitude           (projection_y_coordinate, projection_x_coordinate) float64 -18.24 ... -6.58
    month_number             (time) int32 12 12 12 12 12 12 ... 11 11 11 11 11
    year                     (time) int32 2040 2040 2040 2040 ... 2050 2050 2050
    yyyymmdd                 (time) |S64 b'20401201                                                        ' ... b'20501130                                                        '
Data variables:
    RH_mean                  (ensemble_member, time, projection_y_coordinate, projection_x_coordinate) float32 ...
    transverse_mercator      int32 -2147483647
    P                        (ensemble_member, time, projection_y_coordinate, projection_x_coordinate) float32 101.23656 ... 98.62498
    R_nl                     (ensemble_member, time, projection_y_coordinate, projection_x_coordinate) float32 6.208438 ... 5.075462
    R_ns                     (ensemble_member, time, projection_y_coordinate, projection_x_coordinate) float32 2.842338 ... 0.71525776
    U_z                      (ensemble_member, time, projection_y_coordinate, projection_x_coordinate) float32 ...
    T_max                    (ensemble_member, time, projection_y_coordinate, projection_x_coordinate) float32 ...
    T_min                    (ensemble_member, time, projection_y_coordinate, projection_x_coordinate) float32 ...
    T_mean                   (ensemble_member, time, projection_y_coordinate, projection_x_coordinate) float32 ...
<eto.core.ETo_xr object at 0x7fbe1d1e1f50>
evpot-fao56_rcp85_land-rcm_uk_12km_15_day_20501201-20601130.nc
os.getcwd: 
 /home/users/nelerey/phd_code/ETo/applications
sys.path: 
 ['/home/users/nelerey/phd_code/ETo/applications', '/apps/jasmin/jaspy/miniconda_envs/jaspy3.7/m3-4.6.14/envs/jaspy3.7-m3-4.6.14-r20200606/lib/python37.zip', '/apps/jasmin/jaspy/miniconda_envs/jaspy3.7/m3-4.6.14/envs/jaspy3.7-m3-4.6.14-r20200606/lib/python3.7', '/apps/jasmin/jaspy/miniconda_envs/jaspy3.7/m3-4.6.14/envs/jaspy3.7-m3-4.6.14-r20200606/lib/python3.7/lib-dynload', '/apps/jasmin/jaspy/miniconda_envs/jaspy3.7/m3-4.6.14/envs/jaspy3.7-m3-4.6.14-r20200606/lib/python3.7/site-packages', '/home/users/nelerey/phd_code/ETo/applications', '/home/users/nelerey/phd_code/ETo']
{'varlist': 'hurs,psl,rls,rss,sfcWind,tasmax,tasmin,tas', 'in_path_format': '/badc/ukcp18/data/land-rcm/uk/12km/rcp85/15/{var}/day/latest/{var}_rcp85_land-rcm_uk_12km_15_day_20501201-20601130.nc', 'out_path_format': '/home/users/nelerey/data/PE/ETo-fao56/{}_rcp85_land-rcm_uk_12km_15_day_20501201-20601130.nc', 'outvarname': 'evpot-fao56'}
paths dict: 
 {'hurs': '/badc/ukcp18/data/land-rcm/uk/12km/rcp85/15/hurs/day/latest/hurs_rcp85_land-rcm_uk_12km_15_day_20501201-20601130.nc', 'psl': '/badc/ukcp18/data/land-rcm/uk/12km/rcp85/15/psl/day/latest/psl_rcp85_land-rcm_uk_12km_15_day_20501201-20601130.nc', 'rls': '/badc/ukcp18/data/land-rcm/uk/12km/rcp85/15/rls/day/latest/rls_rcp85_land-rcm_uk_12km_15_day_20501201-20601130.nc', 'rss': '/badc/ukcp18/data/land-rcm/uk/12km/rcp85/15/rss/day/latest/rss_rcp85_land-rcm_uk_12km_15_day_20501201-20601130.nc', 'sfcWind': '/badc/ukcp18/data/land-rcm/uk/12km/rcp85/15/sfcWind/day/latest/sfcWind_rcp85_land-rcm_uk_12km_15_day_20501201-20601130.nc', 'tasmax': '/badc/ukcp18/data/land-rcm/uk/12km/rcp85/15/tasmax/day/latest/tasmax_rcp85_land-rcm_uk_12km_15_day_20501201-20601130.nc', 'tasmin': '/badc/ukcp18/data/land-rcm/uk/12km/rcp85/15/tasmin/day/latest/tasmin_rcp85_land-rcm_uk_12km_15_day_20501201-20601130.nc', 'tas': '/badc/ukcp18/data/land-rcm/uk/12km/rcp85/15/tas/day/latest/tas_rcp85_land-rcm_uk_12km_15_day_20501201-20601130.nc'}
<xarray.Dataset>
Dimensions:                  (ensemble_member: 1, projection_x_coordinate: 82, projection_y_coordinate: 112, time: 3600)
Coordinates:
  * ensemble_member          (ensemble_member) int32 15
  * time                     (time) object 2050-12-01 12:00:00 ... 2060-11-30 12:00:00
  * projection_y_coordinate  (projection_y_coordinate) float64 -1.02e+05 ... 1.23e+06
  * projection_x_coordinate  (projection_x_coordinate) float64 -2.1e+05 ... 7.62e+05
    ensemble_member_id       (ensemble_member) |S27 b'HadREM3-GA705-r001i1p02868 '
    grid_latitude            (projection_y_coordinate, projection_x_coordinate) float64 1.433 ... 10.63
    grid_longitude           (projection_y_coordinate, projection_x_coordinate) float64 -18.24 ... -6.58
    month_number             (time) int32 12 12 12 12 12 12 ... 11 11 11 11 11
    year                     (time) int32 2050 2050 2050 2050 ... 2060 2060 2060
    yyyymmdd                 (time) |S64 b'20501201                                                        ' ... b'20601130                                                        '
Data variables:
    RH_mean                  (ensemble_member, time, projection_y_coordinate, projection_x_coordinate) float32 ...
    transverse_mercator      int32 -2147483647
    P                        (ensemble_member, time, projection_y_coordinate, projection_x_coordinate) float32 98.232315 ... 102.05224
    R_nl                     (ensemble_member, time, projection_y_coordinate, projection_x_coordinate) float32 5.5079155 ... 7.441314
    R_ns                     (ensemble_member, time, projection_y_coordinate, projection_x_coordinate) float32 2.7493865 ... 1.0217016
    U_z                      (ensemble_member, time, projection_y_coordinate, projection_x_coordinate) float32 ...
    T_max                    (ensemble_member, time, projection_y_coordinate, projection_x_coordinate) float32 ...
    T_min                    (ensemble_member, time, projection_y_coordinate, projection_x_coordinate) float32 ...
    T_mean                   (ensemble_member, time, projection_y_coordinate, projection_x_coordinate) float32 ...
<eto.core.ETo_xr object at 0x7f48842518d0>
evpot-fao56_rcp85_land-rcm_uk_12km_15_day_20601201-20701130.nc
os.getcwd: 
 /home/users/nelerey/phd_code/ETo/applications
sys.path: 
 ['/home/users/nelerey/phd_code/ETo/applications', '/apps/jasmin/jaspy/miniconda_envs/jaspy3.7/m3-4.6.14/envs/jaspy3.7-m3-4.6.14-r20200606/lib/python37.zip', '/apps/jasmin/jaspy/miniconda_envs/jaspy3.7/m3-4.6.14/envs/jaspy3.7-m3-4.6.14-r20200606/lib/python3.7', '/apps/jasmin/jaspy/miniconda_envs/jaspy3.7/m3-4.6.14/envs/jaspy3.7-m3-4.6.14-r20200606/lib/python3.7/lib-dynload', '/apps/jasmin/jaspy/miniconda_envs/jaspy3.7/m3-4.6.14/envs/jaspy3.7-m3-4.6.14-r20200606/lib/python3.7/site-packages', '/home/users/nelerey/phd_code/ETo/applications', '/home/users/nelerey/phd_code/ETo']
{'varlist': 'hurs,psl,rls,rss,sfcWind,tasmax,tasmin,tas', 'in_path_format': '/badc/ukcp18/data/land-rcm/uk/12km/rcp85/15/{var}/day/latest/{var}_rcp85_land-rcm_uk_12km_15_day_20601201-20701130.nc', 'out_path_format': '/home/users/nelerey/data/PE/ETo-fao56/{}_rcp85_land-rcm_uk_12km_15_day_20601201-20701130.nc', 'outvarname': 'evpot-fao56'}
paths dict: 
 {'hurs': '/badc/ukcp18/data/land-rcm/uk/12km/rcp85/15/hurs/day/latest/hurs_rcp85_land-rcm_uk_12km_15_day_20601201-20701130.nc', 'psl': '/badc/ukcp18/data/land-rcm/uk/12km/rcp85/15/psl/day/latest/psl_rcp85_land-rcm_uk_12km_15_day_20601201-20701130.nc', 'rls': '/badc/ukcp18/data/land-rcm/uk/12km/rcp85/15/rls/day/latest/rls_rcp85_land-rcm_uk_12km_15_day_20601201-20701130.nc', 'rss': '/badc/ukcp18/data/land-rcm/uk/12km/rcp85/15/rss/day/latest/rss_rcp85_land-rcm_uk_12km_15_day_20601201-20701130.nc', 'sfcWind': '/badc/ukcp18/data/land-rcm/uk/12km/rcp85/15/sfcWind/day/latest/sfcWind_rcp85_land-rcm_uk_12km_15_day_20601201-20701130.nc', 'tasmax': '/badc/ukcp18/data/land-rcm/uk/12km/rcp85/15/tasmax/day/latest/tasmax_rcp85_land-rcm_uk_12km_15_day_20601201-20701130.nc', 'tasmin': '/badc/ukcp18/data/land-rcm/uk/12km/rcp85/15/tasmin/day/latest/tasmin_rcp85_land-rcm_uk_12km_15_day_20601201-20701130.nc', 'tas': '/badc/ukcp18/data/land-rcm/uk/12km/rcp85/15/tas/day/latest/tas_rcp85_land-rcm_uk_12km_15_day_20601201-20701130.nc'}
<xarray.Dataset>
Dimensions:                  (ensemble_member: 1, projection_x_coordinate: 82, projection_y_coordinate: 112, time: 3600)
Coordinates:
  * ensemble_member          (ensemble_member) int32 15
  * time                     (time) object 2060-12-01 12:00:00 ... 2070-11-30 12:00:00
  * projection_y_coordinate  (projection_y_coordinate) float64 -1.02e+05 ... 1.23e+06
  * projection_x_coordinate  (projection_x_coordinate) float64 -2.1e+05 ... 7.62e+05
    ensemble_member_id       (ensemble_member) |S27 b'HadREM3-GA705-r001i1p02868 '
    grid_latitude            (projection_y_coordinate, projection_x_coordinate) float64 1.433 ... 10.63
    grid_longitude           (projection_y_coordinate, projection_x_coordinate) float64 -18.24 ... -6.58
    month_number             (time) int32 12 12 12 12 12 12 ... 11 11 11 11 11
    year                     (time) int32 2060 2060 2060 2060 ... 2070 2070 2070
    yyyymmdd                 (time) |S64 b'20601201                                                        ' ... b'20701130                                                        '
Data variables:
    RH_mean                  (ensemble_member, time, projection_y_coordinate, projection_x_coordinate) float32 ...
    transverse_mercator      int32 -2147483647
    P                        (ensemble_member, time, projection_y_coordinate, projection_x_coordinate) float32 100.15062 ... 100.40653
    R_nl                     (ensemble_member, time, projection_y_coordinate, projection_x_coordinate) float32 5.9931808 ... 6.2290306
    R_ns                     (ensemble_member, time, projection_y_coordinate, projection_x_coordinate) float32 3.679617 ... 0.5979229
    U_z                      (ensemble_member, time, projection_y_coordinate, projection_x_coordinate) float32 ...
    T_max                    (ensemble_member, time, projection_y_coordinate, projection_x_coordinate) float32 ...
    T_min                    (ensemble_member, time, projection_y_coordinate, projection_x_coordinate) float32 ...
    T_mean                   (ensemble_member, time, projection_y_coordinate, projection_x_coordinate) float32 ...
<eto.core.ETo_xr object at 0x7f2d0300b990>
evpot-fao56_rcp85_land-rcm_uk_12km_15_day_20701201-20801130.nc
os.getcwd: 
 /home/users/nelerey/phd_code/ETo/applications
sys.path: 
 ['/home/users/nelerey/phd_code/ETo/applications', '/apps/jasmin/jaspy/miniconda_envs/jaspy3.7/m3-4.6.14/envs/jaspy3.7-m3-4.6.14-r20200606/lib/python37.zip', '/apps/jasmin/jaspy/miniconda_envs/jaspy3.7/m3-4.6.14/envs/jaspy3.7-m3-4.6.14-r20200606/lib/python3.7', '/apps/jasmin/jaspy/miniconda_envs/jaspy3.7/m3-4.6.14/envs/jaspy3.7-m3-4.6.14-r20200606/lib/python3.7/lib-dynload', '/apps/jasmin/jaspy/miniconda_envs/jaspy3.7/m3-4.6.14/envs/jaspy3.7-m3-4.6.14-r20200606/lib/python3.7/site-packages', '/home/users/nelerey/phd_code/ETo/applications', '/home/users/nelerey/phd_code/ETo']
{'varlist': 'hurs,psl,rls,rss,sfcWind,tasmax,tasmin,tas', 'in_path_format': '/badc/ukcp18/data/land-rcm/uk/12km/rcp85/15/{var}/day/latest/{var}_rcp85_land-rcm_uk_12km_15_day_20701201-20801130.nc', 'out_path_format': '/home/users/nelerey/data/PE/ETo-fao56/{}_rcp85_land-rcm_uk_12km_15_day_20701201-20801130.nc', 'outvarname': 'evpot-fao56'}
paths dict: 
 {'hurs': '/badc/ukcp18/data/land-rcm/uk/12km/rcp85/15/hurs/day/latest/hurs_rcp85_land-rcm_uk_12km_15_day_20701201-20801130.nc', 'psl': '/badc/ukcp18/data/land-rcm/uk/12km/rcp85/15/psl/day/latest/psl_rcp85_land-rcm_uk_12km_15_day_20701201-20801130.nc', 'rls': '/badc/ukcp18/data/land-rcm/uk/12km/rcp85/15/rls/day/latest/rls_rcp85_land-rcm_uk_12km_15_day_20701201-20801130.nc', 'rss': '/badc/ukcp18/data/land-rcm/uk/12km/rcp85/15/rss/day/latest/rss_rcp85_land-rcm_uk_12km_15_day_20701201-20801130.nc', 'sfcWind': '/badc/ukcp18/data/land-rcm/uk/12km/rcp85/15/sfcWind/day/latest/sfcWind_rcp85_land-rcm_uk_12km_15_day_20701201-20801130.nc', 'tasmax': '/badc/ukcp18/data/land-rcm/uk/12km/rcp85/15/tasmax/day/latest/tasmax_rcp85_land-rcm_uk_12km_15_day_20701201-20801130.nc', 'tasmin': '/badc/ukcp18/data/land-rcm/uk/12km/rcp85/15/tasmin/day/latest/tasmin_rcp85_land-rcm_uk_12km_15_day_20701201-20801130.nc', 'tas': '/badc/ukcp18/data/land-rcm/uk/12km/rcp85/15/tas/day/latest/tas_rcp85_land-rcm_uk_12km_15_day_20701201-20801130.nc'}
<xarray.Dataset>
Dimensions:                  (ensemble_member: 1, projection_x_coordinate: 82, projection_y_coordinate: 112, time: 3600)
Coordinates:
  * ensemble_member          (ensemble_member) int32 15
  * time                     (time) object 2070-12-01 12:00:00 ... 2080-11-30 12:00:00
  * projection_y_coordinate  (projection_y_coordinate) float64 -1.02e+05 ... 1.23e+06
  * projection_x_coordinate  (projection_x_coordinate) float64 -2.1e+05 ... 7.62e+05
    ensemble_member_id       (ensemble_member) |S27 b'HadREM3-GA705-r001i1p02868 '
    grid_latitude            (projection_y_coordinate, projection_x_coordinate) float64 1.433 ... 10.63
    grid_longitude           (projection_y_coordinate, projection_x_coordinate) float64 -18.24 ... -6.58
    month_number             (time) int32 12 12 12 12 12 12 ... 11 11 11 11 11
    year                     (time) int32 2070 2070 2070 2070 ... 2080 2080 2080
    yyyymmdd                 (time) |S64 b'20701201                                                        ' ... b'20801130                                                        '
Data variables:
    RH_mean                  (ensemble_member, time, projection_y_coordinate, projection_x_coordinate) float32 ...
    transverse_mercator      int32 -2147483647
    P                        (ensemble_member, time, projection_y_coordinate, projection_x_coordinate) float32 102.02135 ... 100.6118
    R_nl                     (ensemble_member, time, projection_y_coordinate, projection_x_coordinate) float32 3.3445437 ... 4.898526
    R_ns                     (ensemble_member, time, projection_y_coordinate, projection_x_coordinate) float32 2.072673 ... 0.3777738
    U_z                      (ensemble_member, time, projection_y_coordinate, projection_x_coordinate) float32 ...
    T_max                    (ensemble_member, time, projection_y_coordinate, projection_x_coordinate) float32 ...
    T_min                    (ensemble_member, time, projection_y_coordinate, projection_x_coordinate) float32 ...
    T_mean                   (ensemble_member, time, projection_y_coordinate, projection_x_coordinate) float32 ...
<eto.core.ETo_xr object at 0x7f540d249d50>
