evpot-fao56_rcp85_land-rcm_uk_12km_04_day_19801201-19901130.nc
os.getcwd: 
 /home/users/nelerey/phd_code/ETo/applications
sys.path: 
 ['/home/users/nelerey/phd_code/ETo/applications', '/apps/jasmin/jaspy/miniconda_envs/jaspy3.7/m3-4.6.14/envs/jaspy3.7-m3-4.6.14-r20200606/lib/python37.zip', '/apps/jasmin/jaspy/miniconda_envs/jaspy3.7/m3-4.6.14/envs/jaspy3.7-m3-4.6.14-r20200606/lib/python3.7', '/apps/jasmin/jaspy/miniconda_envs/jaspy3.7/m3-4.6.14/envs/jaspy3.7-m3-4.6.14-r20200606/lib/python3.7/lib-dynload', '/apps/jasmin/jaspy/miniconda_envs/jaspy3.7/m3-4.6.14/envs/jaspy3.7-m3-4.6.14-r20200606/lib/python3.7/site-packages', '/home/users/nelerey/phd_code/ETo/applications', '/home/users/nelerey/phd_code/ETo']
{'varlist': 'hurs,psl,rls,rss,sfcWind,tasmax,tasmin,tas', 'in_path_format': '/badc/ukcp18/data/land-rcm/uk/12km/rcp85/04/{var}/day/latest/{var}_rcp85_land-rcm_uk_12km_04_day_19801201-19901130.nc', 'out_path_format': '/home/users/nelerey/data/PE/ETo-fao56/{}_rcp85_land-rcm_uk_12km_04_day_19801201-19901130.nc', 'outvarname': 'evpot-fao56'}
paths dict: 
 {'hurs': '/badc/ukcp18/data/land-rcm/uk/12km/rcp85/04/hurs/day/latest/hurs_rcp85_land-rcm_uk_12km_04_day_19801201-19901130.nc', 'psl': '/badc/ukcp18/data/land-rcm/uk/12km/rcp85/04/psl/day/latest/psl_rcp85_land-rcm_uk_12km_04_day_19801201-19901130.nc', 'rls': '/badc/ukcp18/data/land-rcm/uk/12km/rcp85/04/rls/day/latest/rls_rcp85_land-rcm_uk_12km_04_day_19801201-19901130.nc', 'rss': '/badc/ukcp18/data/land-rcm/uk/12km/rcp85/04/rss/day/latest/rss_rcp85_land-rcm_uk_12km_04_day_19801201-19901130.nc', 'sfcWind': '/badc/ukcp18/data/land-rcm/uk/12km/rcp85/04/sfcWind/day/latest/sfcWind_rcp85_land-rcm_uk_12km_04_day_19801201-19901130.nc', 'tasmax': '/badc/ukcp18/data/land-rcm/uk/12km/rcp85/04/tasmax/day/latest/tasmax_rcp85_land-rcm_uk_12km_04_day_19801201-19901130.nc', 'tasmin': '/badc/ukcp18/data/land-rcm/uk/12km/rcp85/04/tasmin/day/latest/tasmin_rcp85_land-rcm_uk_12km_04_day_19801201-19901130.nc', 'tas': '/badc/ukcp18/data/land-rcm/uk/12km/rcp85/04/tas/day/latest/tas_rcp85_land-rcm_uk_12km_04_day_19801201-19901130.nc'}
<xarray.Dataset>
Dimensions:                  (ensemble_member: 1, projection_x_coordinate: 82, projection_y_coordinate: 112, time: 3600)
Coordinates:
  * ensemble_member          (ensemble_member) int32 4
  * time                     (time) object 1980-12-01 12:00:00 ... 1990-11-30 12:00:00
  * projection_y_coordinate  (projection_y_coordinate) float64 -1.02e+05 ... 1.23e+06
  * projection_x_coordinate  (projection_x_coordinate) float64 -2.1e+05 ... 7.62e+05
    ensemble_member_id       (ensemble_member) |S27 b'HadREM3-GA705-r001i1p01113 '
    grid_latitude            (projection_y_coordinate, projection_x_coordinate) float64 1.433 ... 10.63
    grid_longitude           (projection_y_coordinate, projection_x_coordinate) float64 -18.24 ... -6.58
    month_number             (time) int32 12 12 12 12 12 12 ... 11 11 11 11 11
    year                     (time) int32 1980 1980 1980 1980 ... 1990 1990 1990
    yyyymmdd                 (time) |S64 b'19801201                                                        ' ... b'19901130                                                        '
Data variables:
    RH_mean                  (ensemble_member, time, projection_y_coordinate, projection_x_coordinate) float32 ...
    transverse_mercator      int32 -2147483647
    P                        (ensemble_member, time, projection_y_coordinate, projection_x_coordinate) float32 103.097374 ... 98.897285
    R_nl                     (ensemble_member, time, projection_y_coordinate, projection_x_coordinate) float32 6.047394 ... 3.9744844
    R_ns                     (ensemble_member, time, projection_y_coordinate, projection_x_coordinate) float32 4.4387765 ... 0.3864725
    U_z                      (ensemble_member, time, projection_y_coordinate, projection_x_coordinate) float32 ...
    T_max                    (ensemble_member, time, projection_y_coordinate, projection_x_coordinate) float32 ...
    T_min                    (ensemble_member, time, projection_y_coordinate, projection_x_coordinate) float32 ...
    T_mean                   (ensemble_member, time, projection_y_coordinate, projection_x_coordinate) float32 ...
<eto.core.ETo_xr object at 0x7f3d8d53ced0>
evpot-fao56_rcp85_land-rcm_uk_12km_04_day_19901201-20001130.nc
os.getcwd: 
 /home/users/nelerey/phd_code/ETo/applications
sys.path: 
 ['/home/users/nelerey/phd_code/ETo/applications', '/apps/jasmin/jaspy/miniconda_envs/jaspy3.7/m3-4.6.14/envs/jaspy3.7-m3-4.6.14-r20200606/lib/python37.zip', '/apps/jasmin/jaspy/miniconda_envs/jaspy3.7/m3-4.6.14/envs/jaspy3.7-m3-4.6.14-r20200606/lib/python3.7', '/apps/jasmin/jaspy/miniconda_envs/jaspy3.7/m3-4.6.14/envs/jaspy3.7-m3-4.6.14-r20200606/lib/python3.7/lib-dynload', '/apps/jasmin/jaspy/miniconda_envs/jaspy3.7/m3-4.6.14/envs/jaspy3.7-m3-4.6.14-r20200606/lib/python3.7/site-packages', '/home/users/nelerey/phd_code/ETo/applications', '/home/users/nelerey/phd_code/ETo']
{'varlist': 'hurs,psl,rls,rss,sfcWind,tasmax,tasmin,tas', 'in_path_format': '/badc/ukcp18/data/land-rcm/uk/12km/rcp85/04/{var}/day/latest/{var}_rcp85_land-rcm_uk_12km_04_day_19901201-20001130.nc', 'out_path_format': '/home/users/nelerey/data/PE/ETo-fao56/{}_rcp85_land-rcm_uk_12km_04_day_19901201-20001130.nc', 'outvarname': 'evpot-fao56'}
paths dict: 
 {'hurs': '/badc/ukcp18/data/land-rcm/uk/12km/rcp85/04/hurs/day/latest/hurs_rcp85_land-rcm_uk_12km_04_day_19901201-20001130.nc', 'psl': '/badc/ukcp18/data/land-rcm/uk/12km/rcp85/04/psl/day/latest/psl_rcp85_land-rcm_uk_12km_04_day_19901201-20001130.nc', 'rls': '/badc/ukcp18/data/land-rcm/uk/12km/rcp85/04/rls/day/latest/rls_rcp85_land-rcm_uk_12km_04_day_19901201-20001130.nc', 'rss': '/badc/ukcp18/data/land-rcm/uk/12km/rcp85/04/rss/day/latest/rss_rcp85_land-rcm_uk_12km_04_day_19901201-20001130.nc', 'sfcWind': '/badc/ukcp18/data/land-rcm/uk/12km/rcp85/04/sfcWind/day/latest/sfcWind_rcp85_land-rcm_uk_12km_04_day_19901201-20001130.nc', 'tasmax': '/badc/ukcp18/data/land-rcm/uk/12km/rcp85/04/tasmax/day/latest/tasmax_rcp85_land-rcm_uk_12km_04_day_19901201-20001130.nc', 'tasmin': '/badc/ukcp18/data/land-rcm/uk/12km/rcp85/04/tasmin/day/latest/tasmin_rcp85_land-rcm_uk_12km_04_day_19901201-20001130.nc', 'tas': '/badc/ukcp18/data/land-rcm/uk/12km/rcp85/04/tas/day/latest/tas_rcp85_land-rcm_uk_12km_04_day_19901201-20001130.nc'}
<xarray.Dataset>
Dimensions:                  (ensemble_member: 1, projection_x_coordinate: 82, projection_y_coordinate: 112, time: 3600)
Coordinates:
  * ensemble_member          (ensemble_member) int32 4
  * time                     (time) object 1990-12-01 12:00:00 ... 2000-11-30 12:00:00
  * projection_y_coordinate  (projection_y_coordinate) float64 -1.02e+05 ... 1.23e+06
  * projection_x_coordinate  (projection_x_coordinate) float64 -2.1e+05 ... 7.62e+05
    ensemble_member_id       (ensemble_member) |S27 b'HadREM3-GA705-r001i1p01113 '
    grid_latitude            (projection_y_coordinate, projection_x_coordinate) float64 1.433 ... 10.63
    grid_longitude           (projection_y_coordinate, projection_x_coordinate) float64 -18.24 ... -6.58
    month_number             (time) int32 12 12 12 12 12 12 ... 11 11 11 11 11
    year                     (time) int32 1990 1990 1990 1990 ... 2000 2000 2000
    yyyymmdd                 (time) |S64 b'19901201                                                        ' ... b'20001130                                                        '
Data variables:
    RH_mean                  (ensemble_member, time, projection_y_coordinate, projection_x_coordinate) float32 ...
    transverse_mercator      int32 -2147483647
    P                        (ensemble_member, time, projection_y_coordinate, projection_x_coordinate) float32 99.74592 ... 101.79658
    R_nl                     (ensemble_member, time, projection_y_coordinate, projection_x_coordinate) float32 3.5937486 ... 3.1866088
    R_ns                     (ensemble_member, time, projection_y_coordinate, projection_x_coordinate) float32 2.2974944 ... 0.40969282
    U_z                      (ensemble_member, time, projection_y_coordinate, projection_x_coordinate) float32 ...
    T_max                    (ensemble_member, time, projection_y_coordinate, projection_x_coordinate) float32 ...
    T_min                    (ensemble_member, time, projection_y_coordinate, projection_x_coordinate) float32 ...
    T_mean                   (ensemble_member, time, projection_y_coordinate, projection_x_coordinate) float32 ...
<eto.core.ETo_xr object at 0x7f9ec81d7d50>
evpot-fao56_rcp85_land-rcm_uk_12km_04_day_20001201-20101130.nc
os.getcwd: 
 /home/users/nelerey/phd_code/ETo/applications
sys.path: 
 ['/home/users/nelerey/phd_code/ETo/applications', '/apps/jasmin/jaspy/miniconda_envs/jaspy3.7/m3-4.6.14/envs/jaspy3.7-m3-4.6.14-r20200606/lib/python37.zip', '/apps/jasmin/jaspy/miniconda_envs/jaspy3.7/m3-4.6.14/envs/jaspy3.7-m3-4.6.14-r20200606/lib/python3.7', '/apps/jasmin/jaspy/miniconda_envs/jaspy3.7/m3-4.6.14/envs/jaspy3.7-m3-4.6.14-r20200606/lib/python3.7/lib-dynload', '/apps/jasmin/jaspy/miniconda_envs/jaspy3.7/m3-4.6.14/envs/jaspy3.7-m3-4.6.14-r20200606/lib/python3.7/site-packages', '/home/users/nelerey/phd_code/ETo/applications', '/home/users/nelerey/phd_code/ETo']
{'varlist': 'hurs,psl,rls,rss,sfcWind,tasmax,tasmin,tas', 'in_path_format': '/badc/ukcp18/data/land-rcm/uk/12km/rcp85/04/{var}/day/latest/{var}_rcp85_land-rcm_uk_12km_04_day_20001201-20101130.nc', 'out_path_format': '/home/users/nelerey/data/PE/ETo-fao56/{}_rcp85_land-rcm_uk_12km_04_day_20001201-20101130.nc', 'outvarname': 'evpot-fao56'}
paths dict: 
 {'hurs': '/badc/ukcp18/data/land-rcm/uk/12km/rcp85/04/hurs/day/latest/hurs_rcp85_land-rcm_uk_12km_04_day_20001201-20101130.nc', 'psl': '/badc/ukcp18/data/land-rcm/uk/12km/rcp85/04/psl/day/latest/psl_rcp85_land-rcm_uk_12km_04_day_20001201-20101130.nc', 'rls': '/badc/ukcp18/data/land-rcm/uk/12km/rcp85/04/rls/day/latest/rls_rcp85_land-rcm_uk_12km_04_day_20001201-20101130.nc', 'rss': '/badc/ukcp18/data/land-rcm/uk/12km/rcp85/04/rss/day/latest/rss_rcp85_land-rcm_uk_12km_04_day_20001201-20101130.nc', 'sfcWind': '/badc/ukcp18/data/land-rcm/uk/12km/rcp85/04/sfcWind/day/latest/sfcWind_rcp85_land-rcm_uk_12km_04_day_20001201-20101130.nc', 'tasmax': '/badc/ukcp18/data/land-rcm/uk/12km/rcp85/04/tasmax/day/latest/tasmax_rcp85_land-rcm_uk_12km_04_day_20001201-20101130.nc', 'tasmin': '/badc/ukcp18/data/land-rcm/uk/12km/rcp85/04/tasmin/day/latest/tasmin_rcp85_land-rcm_uk_12km_04_day_20001201-20101130.nc', 'tas': '/badc/ukcp18/data/land-rcm/uk/12km/rcp85/04/tas/day/latest/tas_rcp85_land-rcm_uk_12km_04_day_20001201-20101130.nc'}
<xarray.Dataset>
Dimensions:                  (ensemble_member: 1, projection_x_coordinate: 82, projection_y_coordinate: 112, time: 3600)
Coordinates:
  * ensemble_member          (ensemble_member) int32 4
  * time                     (time) object 2000-12-01 12:00:00 ... 2010-11-30 12:00:00
  * projection_y_coordinate  (projection_y_coordinate) float64 -1.02e+05 ... 1.23e+06
  * projection_x_coordinate  (projection_x_coordinate) float64 -2.1e+05 ... 7.62e+05
    ensemble_member_id       (ensemble_member) |S27 b'HadREM3-GA705-r001i1p01113 '
    grid_latitude            (projection_y_coordinate, projection_x_coordinate) float64 1.433 ... 10.63
    grid_longitude           (projection_y_coordinate, projection_x_coordinate) float64 -18.24 ... -6.58
    month_number             (time) int32 12 12 12 12 12 12 ... 11 11 11 11 11
    year                     (time) int32 2000 2000 2000 2000 ... 2010 2010 2010
    yyyymmdd                 (time) |S64 b'20001201                                                        ' ... b'20101130                                                        '
Data variables:
    RH_mean                  (ensemble_member, time, projection_y_coordinate, projection_x_coordinate) float32 ...
    transverse_mercator      int32 -2147483647
    P                        (ensemble_member, time, projection_y_coordinate, projection_x_coordinate) float32 103.045044 ... 103.2829
    R_nl                     (ensemble_member, time, projection_y_coordinate, projection_x_coordinate) float32 6.2361836 ... 7.8970838
    R_ns                     (ensemble_member, time, projection_y_coordinate, projection_x_coordinate) float32 3.679705 ... 0.792955
    U_z                      (ensemble_member, time, projection_y_coordinate, projection_x_coordinate) float32 ...
    T_max                    (ensemble_member, time, projection_y_coordinate, projection_x_coordinate) float32 ...
    T_min                    (ensemble_member, time, projection_y_coordinate, projection_x_coordinate) float32 ...
    T_mean                   (ensemble_member, time, projection_y_coordinate, projection_x_coordinate) float32 ...
<eto.core.ETo_xr object at 0x7f9b1b4d5310>
evpot-fao56_rcp85_land-rcm_uk_12km_04_day_20101201-20201130.nc
os.getcwd: 
 /home/users/nelerey/phd_code/ETo/applications
sys.path: 
 ['/home/users/nelerey/phd_code/ETo/applications', '/apps/jasmin/jaspy/miniconda_envs/jaspy3.7/m3-4.6.14/envs/jaspy3.7-m3-4.6.14-r20200606/lib/python37.zip', '/apps/jasmin/jaspy/miniconda_envs/jaspy3.7/m3-4.6.14/envs/jaspy3.7-m3-4.6.14-r20200606/lib/python3.7', '/apps/jasmin/jaspy/miniconda_envs/jaspy3.7/m3-4.6.14/envs/jaspy3.7-m3-4.6.14-r20200606/lib/python3.7/lib-dynload', '/apps/jasmin/jaspy/miniconda_envs/jaspy3.7/m3-4.6.14/envs/jaspy3.7-m3-4.6.14-r20200606/lib/python3.7/site-packages', '/home/users/nelerey/phd_code/ETo/applications', '/home/users/nelerey/phd_code/ETo']
{'varlist': 'hurs,psl,rls,rss,sfcWind,tasmax,tasmin,tas', 'in_path_format': '/badc/ukcp18/data/land-rcm/uk/12km/rcp85/04/{var}/day/latest/{var}_rcp85_land-rcm_uk_12km_04_day_20101201-20201130.nc', 'out_path_format': '/home/users/nelerey/data/PE/ETo-fao56/{}_rcp85_land-rcm_uk_12km_04_day_20101201-20201130.nc', 'outvarname': 'evpot-fao56'}
paths dict: 
 {'hurs': '/badc/ukcp18/data/land-rcm/uk/12km/rcp85/04/hurs/day/latest/hurs_rcp85_land-rcm_uk_12km_04_day_20101201-20201130.nc', 'psl': '/badc/ukcp18/data/land-rcm/uk/12km/rcp85/04/psl/day/latest/psl_rcp85_land-rcm_uk_12km_04_day_20101201-20201130.nc', 'rls': '/badc/ukcp18/data/land-rcm/uk/12km/rcp85/04/rls/day/latest/rls_rcp85_land-rcm_uk_12km_04_day_20101201-20201130.nc', 'rss': '/badc/ukcp18/data/land-rcm/uk/12km/rcp85/04/rss/day/latest/rss_rcp85_land-rcm_uk_12km_04_day_20101201-20201130.nc', 'sfcWind': '/badc/ukcp18/data/land-rcm/uk/12km/rcp85/04/sfcWind/day/latest/sfcWind_rcp85_land-rcm_uk_12km_04_day_20101201-20201130.nc', 'tasmax': '/badc/ukcp18/data/land-rcm/uk/12km/rcp85/04/tasmax/day/latest/tasmax_rcp85_land-rcm_uk_12km_04_day_20101201-20201130.nc', 'tasmin': '/badc/ukcp18/data/land-rcm/uk/12km/rcp85/04/tasmin/day/latest/tasmin_rcp85_land-rcm_uk_12km_04_day_20101201-20201130.nc', 'tas': '/badc/ukcp18/data/land-rcm/uk/12km/rcp85/04/tas/day/latest/tas_rcp85_land-rcm_uk_12km_04_day_20101201-20201130.nc'}
<xarray.Dataset>
Dimensions:                  (ensemble_member: 1, projection_x_coordinate: 82, projection_y_coordinate: 112, time: 3600)
Coordinates:
  * ensemble_member          (ensemble_member) int32 4
  * time                     (time) object 2010-12-01 12:00:00 ... 2020-11-30 12:00:00
  * projection_y_coordinate  (projection_y_coordinate) float64 -1.02e+05 ... 1.23e+06
  * projection_x_coordinate  (projection_x_coordinate) float64 -2.1e+05 ... 7.62e+05
    ensemble_member_id       (ensemble_member) |S27 b'HadREM3-GA705-r001i1p01113 '
    grid_latitude            (projection_y_coordinate, projection_x_coordinate) float64 1.433 ... 10.63
    grid_longitude           (projection_y_coordinate, projection_x_coordinate) float64 -18.24 ... -6.58
    month_number             (time) int32 12 12 12 12 12 12 ... 11 11 11 11 11
    year                     (time) int32 2010 2010 2010 2010 ... 2020 2020 2020
    yyyymmdd                 (time) |S64 b'20101201                                                        ' ... b'20201130                                                        '
Data variables:
    RH_mean                  (ensemble_member, time, projection_y_coordinate, projection_x_coordinate) float32 ...
    transverse_mercator      int32 -2147483647
    P                        (ensemble_member, time, projection_y_coordinate, projection_x_coordinate) float32 103.534935 ... 102.56449
    R_nl                     (ensemble_member, time, projection_y_coordinate, projection_x_coordinate) float32 5.725269 ... 2.2256439
    R_ns                     (ensemble_member, time, projection_y_coordinate, projection_x_coordinate) float32 3.519597 ... 0.21217264
    U_z                      (ensemble_member, time, projection_y_coordinate, projection_x_coordinate) float32 ...
    T_max                    (ensemble_member, time, projection_y_coordinate, projection_x_coordinate) float32 ...
    T_min                    (ensemble_member, time, projection_y_coordinate, projection_x_coordinate) float32 ...
    T_mean                   (ensemble_member, time, projection_y_coordinate, projection_x_coordinate) float32 ...
<eto.core.ETo_xr object at 0x7f07e1831a50>
evpot-fao56_rcp85_land-rcm_uk_12km_04_day_20201201-20301130.nc
os.getcwd: 
 /home/users/nelerey/phd_code/ETo/applications
sys.path: 
 ['/home/users/nelerey/phd_code/ETo/applications', '/apps/jasmin/jaspy/miniconda_envs/jaspy3.7/m3-4.6.14/envs/jaspy3.7-m3-4.6.14-r20200606/lib/python37.zip', '/apps/jasmin/jaspy/miniconda_envs/jaspy3.7/m3-4.6.14/envs/jaspy3.7-m3-4.6.14-r20200606/lib/python3.7', '/apps/jasmin/jaspy/miniconda_envs/jaspy3.7/m3-4.6.14/envs/jaspy3.7-m3-4.6.14-r20200606/lib/python3.7/lib-dynload', '/apps/jasmin/jaspy/miniconda_envs/jaspy3.7/m3-4.6.14/envs/jaspy3.7-m3-4.6.14-r20200606/lib/python3.7/site-packages', '/home/users/nelerey/phd_code/ETo/applications', '/home/users/nelerey/phd_code/ETo']
{'varlist': 'hurs,psl,rls,rss,sfcWind,tasmax,tasmin,tas', 'in_path_format': '/badc/ukcp18/data/land-rcm/uk/12km/rcp85/04/{var}/day/latest/{var}_rcp85_land-rcm_uk_12km_04_day_20201201-20301130.nc', 'out_path_format': '/home/users/nelerey/data/PE/ETo-fao56/{}_rcp85_land-rcm_uk_12km_04_day_20201201-20301130.nc', 'outvarname': 'evpot-fao56'}
paths dict: 
 {'hurs': '/badc/ukcp18/data/land-rcm/uk/12km/rcp85/04/hurs/day/latest/hurs_rcp85_land-rcm_uk_12km_04_day_20201201-20301130.nc', 'psl': '/badc/ukcp18/data/land-rcm/uk/12km/rcp85/04/psl/day/latest/psl_rcp85_land-rcm_uk_12km_04_day_20201201-20301130.nc', 'rls': '/badc/ukcp18/data/land-rcm/uk/12km/rcp85/04/rls/day/latest/rls_rcp85_land-rcm_uk_12km_04_day_20201201-20301130.nc', 'rss': '/badc/ukcp18/data/land-rcm/uk/12km/rcp85/04/rss/day/latest/rss_rcp85_land-rcm_uk_12km_04_day_20201201-20301130.nc', 'sfcWind': '/badc/ukcp18/data/land-rcm/uk/12km/rcp85/04/sfcWind/day/latest/sfcWind_rcp85_land-rcm_uk_12km_04_day_20201201-20301130.nc', 'tasmax': '/badc/ukcp18/data/land-rcm/uk/12km/rcp85/04/tasmax/day/latest/tasmax_rcp85_land-rcm_uk_12km_04_day_20201201-20301130.nc', 'tasmin': '/badc/ukcp18/data/land-rcm/uk/12km/rcp85/04/tasmin/day/latest/tasmin_rcp85_land-rcm_uk_12km_04_day_20201201-20301130.nc', 'tas': '/badc/ukcp18/data/land-rcm/uk/12km/rcp85/04/tas/day/latest/tas_rcp85_land-rcm_uk_12km_04_day_20201201-20301130.nc'}
<xarray.Dataset>
Dimensions:                  (ensemble_member: 1, projection_x_coordinate: 82, projection_y_coordinate: 112, time: 3600)
Coordinates:
  * ensemble_member          (ensemble_member) int32 4
  * time                     (time) object 2020-12-01 12:00:00 ... 2030-11-30 12:00:00
  * projection_y_coordinate  (projection_y_coordinate) float64 -1.02e+05 ... 1.23e+06
  * projection_x_coordinate  (projection_x_coordinate) float64 -2.1e+05 ... 7.62e+05
    ensemble_member_id       (ensemble_member) |S27 b'HadREM3-GA705-r001i1p01113 '
    grid_latitude            (projection_y_coordinate, projection_x_coordinate) float64 1.433 ... 10.63
    grid_longitude           (projection_y_coordinate, projection_x_coordinate) float64 -18.24 ... -6.58
    month_number             (time) int32 12 12 12 12 12 12 ... 11 11 11 11 11
    year                     (time) int32 2020 2020 2020 2020 ... 2030 2030 2030
    yyyymmdd                 (time) |S64 b'20201201                                                        ' ... b'20301130                                                        '
Data variables:
    RH_mean                  (ensemble_member, time, projection_y_coordinate, projection_x_coordinate) float32 ...
    transverse_mercator      int32 -2147483647
    P                        (ensemble_member, time, projection_y_coordinate, projection_x_coordinate) float32 101.99217 ... 102.10079
    R_nl                     (ensemble_member, time, projection_y_coordinate, projection_x_coordinate) float32 4.4913774 ... 4.081417
    R_ns                     (ensemble_member, time, projection_y_coordinate, projection_x_coordinate) float32 3.9382088 ... 0.5845826
    U_z                      (ensemble_member, time, projection_y_coordinate, projection_x_coordinate) float32 ...
    T_max                    (ensemble_member, time, projection_y_coordinate, projection_x_coordinate) float32 ...
    T_min                    (ensemble_member, time, projection_y_coordinate, projection_x_coordinate) float32 ...
    T_mean                   (ensemble_member, time, projection_y_coordinate, projection_x_coordinate) float32 ...
<eto.core.ETo_xr object at 0x7f51518b6b50>
evpot-fao56_rcp85_land-rcm_uk_12km_04_day_20301201-20401130.nc
os.getcwd: 
 /home/users/nelerey/phd_code/ETo/applications
sys.path: 
 ['/home/users/nelerey/phd_code/ETo/applications', '/apps/jasmin/jaspy/miniconda_envs/jaspy3.7/m3-4.6.14/envs/jaspy3.7-m3-4.6.14-r20200606/lib/python37.zip', '/apps/jasmin/jaspy/miniconda_envs/jaspy3.7/m3-4.6.14/envs/jaspy3.7-m3-4.6.14-r20200606/lib/python3.7', '/apps/jasmin/jaspy/miniconda_envs/jaspy3.7/m3-4.6.14/envs/jaspy3.7-m3-4.6.14-r20200606/lib/python3.7/lib-dynload', '/apps/jasmin/jaspy/miniconda_envs/jaspy3.7/m3-4.6.14/envs/jaspy3.7-m3-4.6.14-r20200606/lib/python3.7/site-packages', '/home/users/nelerey/phd_code/ETo/applications', '/home/users/nelerey/phd_code/ETo']
{'varlist': 'hurs,psl,rls,rss,sfcWind,tasmax,tasmin,tas', 'in_path_format': '/badc/ukcp18/data/land-rcm/uk/12km/rcp85/04/{var}/day/latest/{var}_rcp85_land-rcm_uk_12km_04_day_20301201-20401130.nc', 'out_path_format': '/home/users/nelerey/data/PE/ETo-fao56/{}_rcp85_land-rcm_uk_12km_04_day_20301201-20401130.nc', 'outvarname': 'evpot-fao56'}
paths dict: 
 {'hurs': '/badc/ukcp18/data/land-rcm/uk/12km/rcp85/04/hurs/day/latest/hurs_rcp85_land-rcm_uk_12km_04_day_20301201-20401130.nc', 'psl': '/badc/ukcp18/data/land-rcm/uk/12km/rcp85/04/psl/day/latest/psl_rcp85_land-rcm_uk_12km_04_day_20301201-20401130.nc', 'rls': '/badc/ukcp18/data/land-rcm/uk/12km/rcp85/04/rls/day/latest/rls_rcp85_land-rcm_uk_12km_04_day_20301201-20401130.nc', 'rss': '/badc/ukcp18/data/land-rcm/uk/12km/rcp85/04/rss/day/latest/rss_rcp85_land-rcm_uk_12km_04_day_20301201-20401130.nc', 'sfcWind': '/badc/ukcp18/data/land-rcm/uk/12km/rcp85/04/sfcWind/day/latest/sfcWind_rcp85_land-rcm_uk_12km_04_day_20301201-20401130.nc', 'tasmax': '/badc/ukcp18/data/land-rcm/uk/12km/rcp85/04/tasmax/day/latest/tasmax_rcp85_land-rcm_uk_12km_04_day_20301201-20401130.nc', 'tasmin': '/badc/ukcp18/data/land-rcm/uk/12km/rcp85/04/tasmin/day/latest/tasmin_rcp85_land-rcm_uk_12km_04_day_20301201-20401130.nc', 'tas': '/badc/ukcp18/data/land-rcm/uk/12km/rcp85/04/tas/day/latest/tas_rcp85_land-rcm_uk_12km_04_day_20301201-20401130.nc'}
<xarray.Dataset>
Dimensions:                  (ensemble_member: 1, projection_x_coordinate: 82, projection_y_coordinate: 112, time: 3600)
Coordinates:
  * ensemble_member          (ensemble_member) int32 4
  * time                     (time) object 2030-12-01 12:00:00 ... 2040-11-30 12:00:00
  * projection_y_coordinate  (projection_y_coordinate) float64 -1.02e+05 ... 1.23e+06
  * projection_x_coordinate  (projection_x_coordinate) float64 -2.1e+05 ... 7.62e+05
    ensemble_member_id       (ensemble_member) |S27 b'HadREM3-GA705-r001i1p01113 '
    grid_latitude            (projection_y_coordinate, projection_x_coordinate) float64 1.433 ... 10.63
    grid_longitude           (projection_y_coordinate, projection_x_coordinate) float64 -18.24 ... -6.58
    month_number             (time) int32 12 12 12 12 12 12 ... 11 11 11 11 11
    year                     (time) int32 2030 2030 2030 2030 ... 2040 2040 2040
    yyyymmdd                 (time) |S64 b'20301201                                                        ' ... b'20401130                                                        '
Data variables:
    RH_mean                  (ensemble_member, time, projection_y_coordinate, projection_x_coordinate) float32 ...
    transverse_mercator      int32 -2147483647
    P                        (ensemble_member, time, projection_y_coordinate, projection_x_coordinate) float32 102.71802 ... 98.583176
    R_nl                     (ensemble_member, time, projection_y_coordinate, projection_x_coordinate) float32 4.7647557 ... 4.956838
    R_ns                     (ensemble_member, time, projection_y_coordinate, projection_x_coordinate) float32 3.0159771 ... 0.59054357
    U_z                      (ensemble_member, time, projection_y_coordinate, projection_x_coordinate) float32 ...
    T_max                    (ensemble_member, time, projection_y_coordinate, projection_x_coordinate) float32 ...
    T_min                    (ensemble_member, time, projection_y_coordinate, projection_x_coordinate) float32 ...
    T_mean                   (ensemble_member, time, projection_y_coordinate, projection_x_coordinate) float32 ...
<eto.core.ETo_xr object at 0x7f6691f0fa10>
evpot-fao56_rcp85_land-rcm_uk_12km_04_day_20401201-20501130.nc
os.getcwd: 
 /home/users/nelerey/phd_code/ETo/applications
sys.path: 
 ['/home/users/nelerey/phd_code/ETo/applications', '/apps/jasmin/jaspy/miniconda_envs/jaspy3.7/m3-4.6.14/envs/jaspy3.7-m3-4.6.14-r20200606/lib/python37.zip', '/apps/jasmin/jaspy/miniconda_envs/jaspy3.7/m3-4.6.14/envs/jaspy3.7-m3-4.6.14-r20200606/lib/python3.7', '/apps/jasmin/jaspy/miniconda_envs/jaspy3.7/m3-4.6.14/envs/jaspy3.7-m3-4.6.14-r20200606/lib/python3.7/lib-dynload', '/apps/jasmin/jaspy/miniconda_envs/jaspy3.7/m3-4.6.14/envs/jaspy3.7-m3-4.6.14-r20200606/lib/python3.7/site-packages', '/home/users/nelerey/phd_code/ETo/applications', '/home/users/nelerey/phd_code/ETo']
{'varlist': 'hurs,psl,rls,rss,sfcWind,tasmax,tasmin,tas', 'in_path_format': '/badc/ukcp18/data/land-rcm/uk/12km/rcp85/04/{var}/day/latest/{var}_rcp85_land-rcm_uk_12km_04_day_20401201-20501130.nc', 'out_path_format': '/home/users/nelerey/data/PE/ETo-fao56/{}_rcp85_land-rcm_uk_12km_04_day_20401201-20501130.nc', 'outvarname': 'evpot-fao56'}
paths dict: 
 {'hurs': '/badc/ukcp18/data/land-rcm/uk/12km/rcp85/04/hurs/day/latest/hurs_rcp85_land-rcm_uk_12km_04_day_20401201-20501130.nc', 'psl': '/badc/ukcp18/data/land-rcm/uk/12km/rcp85/04/psl/day/latest/psl_rcp85_land-rcm_uk_12km_04_day_20401201-20501130.nc', 'rls': '/badc/ukcp18/data/land-rcm/uk/12km/rcp85/04/rls/day/latest/rls_rcp85_land-rcm_uk_12km_04_day_20401201-20501130.nc', 'rss': '/badc/ukcp18/data/land-rcm/uk/12km/rcp85/04/rss/day/latest/rss_rcp85_land-rcm_uk_12km_04_day_20401201-20501130.nc', 'sfcWind': '/badc/ukcp18/data/land-rcm/uk/12km/rcp85/04/sfcWind/day/latest/sfcWind_rcp85_land-rcm_uk_12km_04_day_20401201-20501130.nc', 'tasmax': '/badc/ukcp18/data/land-rcm/uk/12km/rcp85/04/tasmax/day/latest/tasmax_rcp85_land-rcm_uk_12km_04_day_20401201-20501130.nc', 'tasmin': '/badc/ukcp18/data/land-rcm/uk/12km/rcp85/04/tasmin/day/latest/tasmin_rcp85_land-rcm_uk_12km_04_day_20401201-20501130.nc', 'tas': '/badc/ukcp18/data/land-rcm/uk/12km/rcp85/04/tas/day/latest/tas_rcp85_land-rcm_uk_12km_04_day_20401201-20501130.nc'}
<xarray.Dataset>
Dimensions:                  (ensemble_member: 1, projection_x_coordinate: 82, projection_y_coordinate: 112, time: 3600)
Coordinates:
  * ensemble_member          (ensemble_member) int32 4
  * time                     (time) object 2040-12-01 12:00:00 ... 2050-11-30 12:00:00
  * projection_y_coordinate  (projection_y_coordinate) float64 -1.02e+05 ... 1.23e+06
  * projection_x_coordinate  (projection_x_coordinate) float64 -2.1e+05 ... 7.62e+05
    ensemble_member_id       (ensemble_member) |S27 b'HadREM3-GA705-r001i1p01113 '
    grid_latitude            (projection_y_coordinate, projection_x_coordinate) float64 1.433 ... 10.63
    grid_longitude           (projection_y_coordinate, projection_x_coordinate) float64 -18.24 ... -6.58
    month_number             (time) int32 12 12 12 12 12 12 ... 11 11 11 11 11
    year                     (time) int32 2040 2040 2040 2040 ... 2050 2050 2050
    yyyymmdd                 (time) |S64 b'20401201                                                        ' ... b'20501130                                                        '
Data variables:
    RH_mean                  (ensemble_member, time, projection_y_coordinate, projection_x_coordinate) float32 ...
    transverse_mercator      int32 -2147483647
    P                        (ensemble_member, time, projection_y_coordinate, projection_x_coordinate) float32 101.99131 ... 102.08129
    R_nl                     (ensemble_member, time, projection_y_coordinate, projection_x_coordinate) float32 5.026478 ... 3.4922938
    R_ns                     (ensemble_member, time, projection_y_coordinate, projection_x_coordinate) float32 3.291248 ... 0.24179442
    U_z                      (ensemble_member, time, projection_y_coordinate, projection_x_coordinate) float32 ...
    T_max                    (ensemble_member, time, projection_y_coordinate, projection_x_coordinate) float32 ...
    T_min                    (ensemble_member, time, projection_y_coordinate, projection_x_coordinate) float32 ...
    T_mean                   (ensemble_member, time, projection_y_coordinate, projection_x_coordinate) float32 ...
<eto.core.ETo_xr object at 0x7f2ffebf8a10>
evpot-fao56_rcp85_land-rcm_uk_12km_04_day_20501201-20601130.nc
os.getcwd: 
 /home/users/nelerey/phd_code/ETo/applications
sys.path: 
 ['/home/users/nelerey/phd_code/ETo/applications', '/apps/jasmin/jaspy/miniconda_envs/jaspy3.7/m3-4.6.14/envs/jaspy3.7-m3-4.6.14-r20200606/lib/python37.zip', '/apps/jasmin/jaspy/miniconda_envs/jaspy3.7/m3-4.6.14/envs/jaspy3.7-m3-4.6.14-r20200606/lib/python3.7', '/apps/jasmin/jaspy/miniconda_envs/jaspy3.7/m3-4.6.14/envs/jaspy3.7-m3-4.6.14-r20200606/lib/python3.7/lib-dynload', '/apps/jasmin/jaspy/miniconda_envs/jaspy3.7/m3-4.6.14/envs/jaspy3.7-m3-4.6.14-r20200606/lib/python3.7/site-packages', '/home/users/nelerey/phd_code/ETo/applications', '/home/users/nelerey/phd_code/ETo']
{'varlist': 'hurs,psl,rls,rss,sfcWind,tasmax,tasmin,tas', 'in_path_format': '/badc/ukcp18/data/land-rcm/uk/12km/rcp85/04/{var}/day/latest/{var}_rcp85_land-rcm_uk_12km_04_day_20501201-20601130.nc', 'out_path_format': '/home/users/nelerey/data/PE/ETo-fao56/{}_rcp85_land-rcm_uk_12km_04_day_20501201-20601130.nc', 'outvarname': 'evpot-fao56'}
paths dict: 
 {'hurs': '/badc/ukcp18/data/land-rcm/uk/12km/rcp85/04/hurs/day/latest/hurs_rcp85_land-rcm_uk_12km_04_day_20501201-20601130.nc', 'psl': '/badc/ukcp18/data/land-rcm/uk/12km/rcp85/04/psl/day/latest/psl_rcp85_land-rcm_uk_12km_04_day_20501201-20601130.nc', 'rls': '/badc/ukcp18/data/land-rcm/uk/12km/rcp85/04/rls/day/latest/rls_rcp85_land-rcm_uk_12km_04_day_20501201-20601130.nc', 'rss': '/badc/ukcp18/data/land-rcm/uk/12km/rcp85/04/rss/day/latest/rss_rcp85_land-rcm_uk_12km_04_day_20501201-20601130.nc', 'sfcWind': '/badc/ukcp18/data/land-rcm/uk/12km/rcp85/04/sfcWind/day/latest/sfcWind_rcp85_land-rcm_uk_12km_04_day_20501201-20601130.nc', 'tasmax': '/badc/ukcp18/data/land-rcm/uk/12km/rcp85/04/tasmax/day/latest/tasmax_rcp85_land-rcm_uk_12km_04_day_20501201-20601130.nc', 'tasmin': '/badc/ukcp18/data/land-rcm/uk/12km/rcp85/04/tasmin/day/latest/tasmin_rcp85_land-rcm_uk_12km_04_day_20501201-20601130.nc', 'tas': '/badc/ukcp18/data/land-rcm/uk/12km/rcp85/04/tas/day/latest/tas_rcp85_land-rcm_uk_12km_04_day_20501201-20601130.nc'}
<xarray.Dataset>
Dimensions:                  (ensemble_member: 1, projection_x_coordinate: 82, projection_y_coordinate: 112, time: 3600)
Coordinates:
  * ensemble_member          (ensemble_member) int32 4
  * time                     (time) object 2050-12-01 12:00:00 ... 2060-11-30 12:00:00
  * projection_y_coordinate  (projection_y_coordinate) float64 -1.02e+05 ... 1.23e+06
  * projection_x_coordinate  (projection_x_coordinate) float64 -2.1e+05 ... 7.62e+05
    ensemble_member_id       (ensemble_member) |S27 b'HadREM3-GA705-r001i1p01113 '
    grid_latitude            (projection_y_coordinate, projection_x_coordinate) float64 1.433 ... 10.63
    grid_longitude           (projection_y_coordinate, projection_x_coordinate) float64 -18.24 ... -6.58
    month_number             (time) int32 12 12 12 12 12 12 ... 11 11 11 11 11
    year                     (time) int32 2050 2050 2050 2050 ... 2060 2060 2060
    yyyymmdd                 (time) |S64 b'20501201                                                        ' ... b'20601130                                                        '
Data variables:
    RH_mean                  (ensemble_member, time, projection_y_coordinate, projection_x_coordinate) float32 ...
    transverse_mercator      int32 -2147483647
    P                        (ensemble_member, time, projection_y_coordinate, projection_x_coordinate) float32 101.28016 ... 101.465775
    R_nl                     (ensemble_member, time, projection_y_coordinate, projection_x_coordinate) float32 3.878905 ... 11.232401
    R_ns                     (ensemble_member, time, projection_y_coordinate, projection_x_coordinate) float32 2.0040646 ... 1.0353804
    U_z                      (ensemble_member, time, projection_y_coordinate, projection_x_coordinate) float32 ...
    T_max                    (ensemble_member, time, projection_y_coordinate, projection_x_coordinate) float32 ...
    T_min                    (ensemble_member, time, projection_y_coordinate, projection_x_coordinate) float32 ...
    T_mean                   (ensemble_member, time, projection_y_coordinate, projection_x_coordinate) float32 ...
<eto.core.ETo_xr object at 0x7f5f891bef90>
evpot-fao56_rcp85_land-rcm_uk_12km_04_day_20601201-20701130.nc
os.getcwd: 
 /home/users/nelerey/phd_code/ETo/applications
sys.path: 
 ['/home/users/nelerey/phd_code/ETo/applications', '/apps/jasmin/jaspy/miniconda_envs/jaspy3.7/m3-4.6.14/envs/jaspy3.7-m3-4.6.14-r20200606/lib/python37.zip', '/apps/jasmin/jaspy/miniconda_envs/jaspy3.7/m3-4.6.14/envs/jaspy3.7-m3-4.6.14-r20200606/lib/python3.7', '/apps/jasmin/jaspy/miniconda_envs/jaspy3.7/m3-4.6.14/envs/jaspy3.7-m3-4.6.14-r20200606/lib/python3.7/lib-dynload', '/apps/jasmin/jaspy/miniconda_envs/jaspy3.7/m3-4.6.14/envs/jaspy3.7-m3-4.6.14-r20200606/lib/python3.7/site-packages', '/home/users/nelerey/phd_code/ETo/applications', '/home/users/nelerey/phd_code/ETo']
{'varlist': 'hurs,psl,rls,rss,sfcWind,tasmax,tasmin,tas', 'in_path_format': '/badc/ukcp18/data/land-rcm/uk/12km/rcp85/04/{var}/day/latest/{var}_rcp85_land-rcm_uk_12km_04_day_20601201-20701130.nc', 'out_path_format': '/home/users/nelerey/data/PE/ETo-fao56/{}_rcp85_land-rcm_uk_12km_04_day_20601201-20701130.nc', 'outvarname': 'evpot-fao56'}
paths dict: 
 {'hurs': '/badc/ukcp18/data/land-rcm/uk/12km/rcp85/04/hurs/day/latest/hurs_rcp85_land-rcm_uk_12km_04_day_20601201-20701130.nc', 'psl': '/badc/ukcp18/data/land-rcm/uk/12km/rcp85/04/psl/day/latest/psl_rcp85_land-rcm_uk_12km_04_day_20601201-20701130.nc', 'rls': '/badc/ukcp18/data/land-rcm/uk/12km/rcp85/04/rls/day/latest/rls_rcp85_land-rcm_uk_12km_04_day_20601201-20701130.nc', 'rss': '/badc/ukcp18/data/land-rcm/uk/12km/rcp85/04/rss/day/latest/rss_rcp85_land-rcm_uk_12km_04_day_20601201-20701130.nc', 'sfcWind': '/badc/ukcp18/data/land-rcm/uk/12km/rcp85/04/sfcWind/day/latest/sfcWind_rcp85_land-rcm_uk_12km_04_day_20601201-20701130.nc', 'tasmax': '/badc/ukcp18/data/land-rcm/uk/12km/rcp85/04/tasmax/day/latest/tasmax_rcp85_land-rcm_uk_12km_04_day_20601201-20701130.nc', 'tasmin': '/badc/ukcp18/data/land-rcm/uk/12km/rcp85/04/tasmin/day/latest/tasmin_rcp85_land-rcm_uk_12km_04_day_20601201-20701130.nc', 'tas': '/badc/ukcp18/data/land-rcm/uk/12km/rcp85/04/tas/day/latest/tas_rcp85_land-rcm_uk_12km_04_day_20601201-20701130.nc'}
<xarray.Dataset>
Dimensions:                  (ensemble_member: 1, projection_x_coordinate: 82, projection_y_coordinate: 112, time: 3600)
Coordinates:
  * ensemble_member          (ensemble_member) int32 4
  * time                     (time) object 2060-12-01 12:00:00 ... 2070-11-30 12:00:00
  * projection_y_coordinate  (projection_y_coordinate) float64 -1.02e+05 ... 1.23e+06
  * projection_x_coordinate  (projection_x_coordinate) float64 -2.1e+05 ... 7.62e+05
    ensemble_member_id       (ensemble_member) |S27 b'HadREM3-GA705-r001i1p01113 '
    grid_latitude            (projection_y_coordinate, projection_x_coordinate) float64 1.433 ... 10.63
    grid_longitude           (projection_y_coordinate, projection_x_coordinate) float64 -18.24 ... -6.58
    month_number             (time) int32 12 12 12 12 12 12 ... 11 11 11 11 11
    year                     (time) int32 2060 2060 2060 2060 ... 2070 2070 2070
    yyyymmdd                 (time) |S64 b'20601201                                                        ' ... b'20701130                                                        '
Data variables:
    RH_mean                  (ensemble_member, time, projection_y_coordinate, projection_x_coordinate) float32 ...
    transverse_mercator      int32 -2147483647
    P                        (ensemble_member, time, projection_y_coordinate, projection_x_coordinate) float32 99.85542 ... 101.2687
    R_nl                     (ensemble_member, time, projection_y_coordinate, projection_x_coordinate) float32 4.9366546 ... 3.708704
    R_ns                     (ensemble_member, time, projection_y_coordinate, projection_x_coordinate) float32 3.2087727 ... 0.47988868
    U_z                      (ensemble_member, time, projection_y_coordinate, projection_x_coordinate) float32 ...
    T_max                    (ensemble_member, time, projection_y_coordinate, projection_x_coordinate) float32 ...
    T_min                    (ensemble_member, time, projection_y_coordinate, projection_x_coordinate) float32 ...
    T_mean                   (ensemble_member, time, projection_y_coordinate, projection_x_coordinate) float32 ...
<eto.core.ETo_xr object at 0x7f810bfdae10>
evpot-fao56_rcp85_land-rcm_uk_12km_04_day_20701201-20801130.nc
os.getcwd: 
 /home/users/nelerey/phd_code/ETo/applications
sys.path: 
 ['/home/users/nelerey/phd_code/ETo/applications', '/apps/jasmin/jaspy/miniconda_envs/jaspy3.7/m3-4.6.14/envs/jaspy3.7-m3-4.6.14-r20200606/lib/python37.zip', '/apps/jasmin/jaspy/miniconda_envs/jaspy3.7/m3-4.6.14/envs/jaspy3.7-m3-4.6.14-r20200606/lib/python3.7', '/apps/jasmin/jaspy/miniconda_envs/jaspy3.7/m3-4.6.14/envs/jaspy3.7-m3-4.6.14-r20200606/lib/python3.7/lib-dynload', '/apps/jasmin/jaspy/miniconda_envs/jaspy3.7/m3-4.6.14/envs/jaspy3.7-m3-4.6.14-r20200606/lib/python3.7/site-packages', '/home/users/nelerey/phd_code/ETo/applications', '/home/users/nelerey/phd_code/ETo']
{'varlist': 'hurs,psl,rls,rss,sfcWind,tasmax,tasmin,tas', 'in_path_format': '/badc/ukcp18/data/land-rcm/uk/12km/rcp85/04/{var}/day/latest/{var}_rcp85_land-rcm_uk_12km_04_day_20701201-20801130.nc', 'out_path_format': '/home/users/nelerey/data/PE/ETo-fao56/{}_rcp85_land-rcm_uk_12km_04_day_20701201-20801130.nc', 'outvarname': 'evpot-fao56'}
paths dict: 
 {'hurs': '/badc/ukcp18/data/land-rcm/uk/12km/rcp85/04/hurs/day/latest/hurs_rcp85_land-rcm_uk_12km_04_day_20701201-20801130.nc', 'psl': '/badc/ukcp18/data/land-rcm/uk/12km/rcp85/04/psl/day/latest/psl_rcp85_land-rcm_uk_12km_04_day_20701201-20801130.nc', 'rls': '/badc/ukcp18/data/land-rcm/uk/12km/rcp85/04/rls/day/latest/rls_rcp85_land-rcm_uk_12km_04_day_20701201-20801130.nc', 'rss': '/badc/ukcp18/data/land-rcm/uk/12km/rcp85/04/rss/day/latest/rss_rcp85_land-rcm_uk_12km_04_day_20701201-20801130.nc', 'sfcWind': '/badc/ukcp18/data/land-rcm/uk/12km/rcp85/04/sfcWind/day/latest/sfcWind_rcp85_land-rcm_uk_12km_04_day_20701201-20801130.nc', 'tasmax': '/badc/ukcp18/data/land-rcm/uk/12km/rcp85/04/tasmax/day/latest/tasmax_rcp85_land-rcm_uk_12km_04_day_20701201-20801130.nc', 'tasmin': '/badc/ukcp18/data/land-rcm/uk/12km/rcp85/04/tasmin/day/latest/tasmin_rcp85_land-rcm_uk_12km_04_day_20701201-20801130.nc', 'tas': '/badc/ukcp18/data/land-rcm/uk/12km/rcp85/04/tas/day/latest/tas_rcp85_land-rcm_uk_12km_04_day_20701201-20801130.nc'}
<xarray.Dataset>
Dimensions:                  (ensemble_member: 1, projection_x_coordinate: 82, projection_y_coordinate: 112, time: 3600)
Coordinates:
  * ensemble_member          (ensemble_member) int32 4
  * time                     (time) object 2070-12-01 12:00:00 ... 2080-11-30 12:00:00
  * projection_y_coordinate  (projection_y_coordinate) float64 -1.02e+05 ... 1.23e+06
  * projection_x_coordinate  (projection_x_coordinate) float64 -2.1e+05 ... 7.62e+05
    ensemble_member_id       (ensemble_member) |S27 b'HadREM3-GA705-r001i1p01113 '
    grid_latitude            (projection_y_coordinate, projection_x_coordinate) float64 1.433 ... 10.63
    grid_longitude           (projection_y_coordinate, projection_x_coordinate) float64 -18.24 ... -6.58
    month_number             (time) int32 12 12 12 12 12 12 ... 11 11 11 11 11
    year                     (time) int32 2070 2070 2070 2070 ... 2080 2080 2080
    yyyymmdd                 (time) |S64 b'20701201                                                        ' ... b'20801130                                                        '
Data variables:
    RH_mean                  (ensemble_member, time, projection_y_coordinate, projection_x_coordinate) float32 ...
    transverse_mercator      int32 -2147483647
    P                        (ensemble_member, time, projection_y_coordinate, projection_x_coordinate) float32 102.62588 ... 98.25111
    R_nl                     (ensemble_member, time, projection_y_coordinate, projection_x_coordinate) float32 5.336808 ... 3.214086
    R_ns                     (ensemble_member, time, projection_y_coordinate, projection_x_coordinate) float32 2.479224 ... 0.07918214
    U_z                      (ensemble_member, time, projection_y_coordinate, projection_x_coordinate) float32 ...
    T_max                    (ensemble_member, time, projection_y_coordinate, projection_x_coordinate) float32 ...
    T_min                    (ensemble_member, time, projection_y_coordinate, projection_x_coordinate) float32 ...
    T_mean                   (ensemble_member, time, projection_y_coordinate, projection_x_coordinate) float32 ...
<eto.core.ETo_xr object at 0x7f1b2b806a10>
