evpot-fao56_rcp85_land-rcm_uk_12km_07_day_19801201-20101130_BC.nc
os.getcwd: 
 /home/users/nelerey/phd_code/ETo
sys.path: 
 ['/home/users/nelerey/phd_code/ETo/applications', '/apps/jasmin/jaspy/miniconda_envs/jaspy3.7/m3-4.6.14/envs/jaspy3.7-m3-4.6.14-r20200606/lib/python37.zip', '/apps/jasmin/jaspy/miniconda_envs/jaspy3.7/m3-4.6.14/envs/jaspy3.7-m3-4.6.14-r20200606/lib/python3.7', '/apps/jasmin/jaspy/miniconda_envs/jaspy3.7/m3-4.6.14/envs/jaspy3.7-m3-4.6.14-r20200606/lib/python3.7/lib-dynload', '/apps/jasmin/jaspy/miniconda_envs/jaspy3.7/m3-4.6.14/envs/jaspy3.7-m3-4.6.14-r20200606/lib/python3.7/site-packages', '/home/users/nelerey/phd_code/ETo', '/home/users/nelerey/phd_code/ETo']
{'varlist': 'hurs,psl,rls,rss,sfcWind,tasmax,tasmin,tas', 'in_path_format': '/badc/ukcp18/data/land-rcm/uk/12km/rcp85/07/{var}/day/latest/{var}_rcp85_land-rcm_uk_12km_07_day_19801201-20101130.nc', 'out_path_format': '/home/users/nelerey/data/PE/ETo-fao56/{}_rcp85_land-rcm_uk_12km_07_day_19801201-20801130.nc', 'outvarname': 'evpot-fao56'}
paths dict: 
 {'hurs': '/badc/ukcp18/data/land-rcm/uk/12km/rcp85/07/hurs/day/latest/hurs_rcp85_land-rcm_uk_12km_07_day_19801201-20101130.nc', 'psl': '/badc/ukcp18/data/land-rcm/uk/12km/rcp85/07/psl/day/latest/psl_rcp85_land-rcm_uk_12km_07_day_19801201-20101130.nc', 'rls': '/badc/ukcp18/data/land-rcm/uk/12km/rcp85/07/rls/day/latest/rls_rcp85_land-rcm_uk_12km_07_day_19801201-20101130.nc', 'rss': '/badc/ukcp18/data/land-rcm/uk/12km/rcp85/07/rss/day/latest/rss_rcp85_land-rcm_uk_12km_07_day_19801201-20101130.nc', 'sfcWind': '/badc/ukcp18/data/land-rcm/uk/12km/rcp85/07/sfcWind/day/latest/sfcWind_rcp85_land-rcm_uk_12km_07_day_19801201-20101130.nc', 'tasmax': '/badc/ukcp18/data/land-rcm/uk/12km/rcp85/07/tasmax/day/latest/tasmax_rcp85_land-rcm_uk_12km_07_day_19801201-20101130.nc', 'tasmin': '/badc/ukcp18/data/land-rcm/uk/12km/rcp85/07/tasmin/day/latest/tasmin_rcp85_land-rcm_uk_12km_07_day_19801201-20101130.nc', 'tas': '/badc/ukcp18/data/land-rcm/uk/12km/rcp85/07/tas/day/latest/tas_rcp85_land-rcm_uk_12km_07_day_19801201-20101130.nc'}
evpot-fao56_rcp85_land-rcm_uk_12km_07_day_19901201-20201130_BC.nc
os.getcwd: 
 /home/users/nelerey/phd_code/ETo
sys.path: 
 ['/home/users/nelerey/phd_code/ETo/applications', '/apps/jasmin/jaspy/miniconda_envs/jaspy3.7/m3-4.6.14/envs/jaspy3.7-m3-4.6.14-r20200606/lib/python37.zip', '/apps/jasmin/jaspy/miniconda_envs/jaspy3.7/m3-4.6.14/envs/jaspy3.7-m3-4.6.14-r20200606/lib/python3.7', '/apps/jasmin/jaspy/miniconda_envs/jaspy3.7/m3-4.6.14/envs/jaspy3.7-m3-4.6.14-r20200606/lib/python3.7/lib-dynload', '/apps/jasmin/jaspy/miniconda_envs/jaspy3.7/m3-4.6.14/envs/jaspy3.7-m3-4.6.14-r20200606/lib/python3.7/site-packages', '/home/users/nelerey/phd_code/ETo', '/home/users/nelerey/phd_code/ETo']
{'varlist': 'hurs,psl,rls,rss,sfcWind,tasmax,tasmin,tas', 'in_path_format': '/badc/ukcp18/data/land-rcm/uk/12km/rcp85/07/{var}/day/latest/{var}_rcp85_land-rcm_uk_12km_07_day_19901201-20201130.nc', 'out_path_format': '/home/users/nelerey/data/PE/ETo-fao56/{}_rcp85_land-rcm_uk_12km_07_day_19801201-20801130.nc', 'outvarname': 'evpot-fao56'}
paths dict: 
 {'hurs': '/badc/ukcp18/data/land-rcm/uk/12km/rcp85/07/hurs/day/latest/hurs_rcp85_land-rcm_uk_12km_07_day_19901201-20201130.nc', 'psl': '/badc/ukcp18/data/land-rcm/uk/12km/rcp85/07/psl/day/latest/psl_rcp85_land-rcm_uk_12km_07_day_19901201-20201130.nc', 'rls': '/badc/ukcp18/data/land-rcm/uk/12km/rcp85/07/rls/day/latest/rls_rcp85_land-rcm_uk_12km_07_day_19901201-20201130.nc', 'rss': '/badc/ukcp18/data/land-rcm/uk/12km/rcp85/07/rss/day/latest/rss_rcp85_land-rcm_uk_12km_07_day_19901201-20201130.nc', 'sfcWind': '/badc/ukcp18/data/land-rcm/uk/12km/rcp85/07/sfcWind/day/latest/sfcWind_rcp85_land-rcm_uk_12km_07_day_19901201-20201130.nc', 'tasmax': '/badc/ukcp18/data/land-rcm/uk/12km/rcp85/07/tasmax/day/latest/tasmax_rcp85_land-rcm_uk_12km_07_day_19901201-20201130.nc', 'tasmin': '/badc/ukcp18/data/land-rcm/uk/12km/rcp85/07/tasmin/day/latest/tasmin_rcp85_land-rcm_uk_12km_07_day_19901201-20201130.nc', 'tas': '/badc/ukcp18/data/land-rcm/uk/12km/rcp85/07/tas/day/latest/tas_rcp85_land-rcm_uk_12km_07_day_19901201-20201130.nc'}
evpot-fao56_rcp85_land-rcm_uk_12km_07_day_20001201-20301130_BC.nc
os.getcwd: 
 /home/users/nelerey/phd_code/ETo
sys.path: 
 ['/home/users/nelerey/phd_code/ETo/applications', '/apps/jasmin/jaspy/miniconda_envs/jaspy3.7/m3-4.6.14/envs/jaspy3.7-m3-4.6.14-r20200606/lib/python37.zip', '/apps/jasmin/jaspy/miniconda_envs/jaspy3.7/m3-4.6.14/envs/jaspy3.7-m3-4.6.14-r20200606/lib/python3.7', '/apps/jasmin/jaspy/miniconda_envs/jaspy3.7/m3-4.6.14/envs/jaspy3.7-m3-4.6.14-r20200606/lib/python3.7/lib-dynload', '/apps/jasmin/jaspy/miniconda_envs/jaspy3.7/m3-4.6.14/envs/jaspy3.7-m3-4.6.14-r20200606/lib/python3.7/site-packages', '/home/users/nelerey/phd_code/ETo', '/home/users/nelerey/phd_code/ETo']
{'varlist': 'hurs,psl,rls,rss,sfcWind,tasmax,tasmin,tas', 'in_path_format': '/badc/ukcp18/data/land-rcm/uk/12km/rcp85/07/{var}/day/latest/{var}_rcp85_land-rcm_uk_12km_07_day_20001201-20301130.nc', 'out_path_format': '/home/users/nelerey/data/PE/ETo-fao56/{}_rcp85_land-rcm_uk_12km_07_day_19801201-20801130.nc', 'outvarname': 'evpot-fao56'}
paths dict: 
 {'hurs': '/badc/ukcp18/data/land-rcm/uk/12km/rcp85/07/hurs/day/latest/hurs_rcp85_land-rcm_uk_12km_07_day_20001201-20301130.nc', 'psl': '/badc/ukcp18/data/land-rcm/uk/12km/rcp85/07/psl/day/latest/psl_rcp85_land-rcm_uk_12km_07_day_20001201-20301130.nc', 'rls': '/badc/ukcp18/data/land-rcm/uk/12km/rcp85/07/rls/day/latest/rls_rcp85_land-rcm_uk_12km_07_day_20001201-20301130.nc', 'rss': '/badc/ukcp18/data/land-rcm/uk/12km/rcp85/07/rss/day/latest/rss_rcp85_land-rcm_uk_12km_07_day_20001201-20301130.nc', 'sfcWind': '/badc/ukcp18/data/land-rcm/uk/12km/rcp85/07/sfcWind/day/latest/sfcWind_rcp85_land-rcm_uk_12km_07_day_20001201-20301130.nc', 'tasmax': '/badc/ukcp18/data/land-rcm/uk/12km/rcp85/07/tasmax/day/latest/tasmax_rcp85_land-rcm_uk_12km_07_day_20001201-20301130.nc', 'tasmin': '/badc/ukcp18/data/land-rcm/uk/12km/rcp85/07/tasmin/day/latest/tasmin_rcp85_land-rcm_uk_12km_07_day_20001201-20301130.nc', 'tas': '/badc/ukcp18/data/land-rcm/uk/12km/rcp85/07/tas/day/latest/tas_rcp85_land-rcm_uk_12km_07_day_20001201-20301130.nc'}
evpot-fao56_rcp85_land-rcm_uk_12km_07_day_20101201-20401130_BC.nc
os.getcwd: 
 /home/users/nelerey/phd_code/ETo
sys.path: 
 ['/home/users/nelerey/phd_code/ETo/applications', '/apps/jasmin/jaspy/miniconda_envs/jaspy3.7/m3-4.6.14/envs/jaspy3.7-m3-4.6.14-r20200606/lib/python37.zip', '/apps/jasmin/jaspy/miniconda_envs/jaspy3.7/m3-4.6.14/envs/jaspy3.7-m3-4.6.14-r20200606/lib/python3.7', '/apps/jasmin/jaspy/miniconda_envs/jaspy3.7/m3-4.6.14/envs/jaspy3.7-m3-4.6.14-r20200606/lib/python3.7/lib-dynload', '/apps/jasmin/jaspy/miniconda_envs/jaspy3.7/m3-4.6.14/envs/jaspy3.7-m3-4.6.14-r20200606/lib/python3.7/site-packages', '/home/users/nelerey/phd_code/ETo', '/home/users/nelerey/phd_code/ETo']
{'varlist': 'hurs,psl,rls,rss,sfcWind,tasmax,tasmin,tas', 'in_path_format': '/badc/ukcp18/data/land-rcm/uk/12km/rcp85/07/{var}/day/latest/{var}_rcp85_land-rcm_uk_12km_07_day_20101201-20401130.nc', 'out_path_format': '/home/users/nelerey/data/PE/ETo-fao56/{}_rcp85_land-rcm_uk_12km_07_day_19801201-20801130.nc', 'outvarname': 'evpot-fao56'}
paths dict: 
 {'hurs': '/badc/ukcp18/data/land-rcm/uk/12km/rcp85/07/hurs/day/latest/hurs_rcp85_land-rcm_uk_12km_07_day_20101201-20401130.nc', 'psl': '/badc/ukcp18/data/land-rcm/uk/12km/rcp85/07/psl/day/latest/psl_rcp85_land-rcm_uk_12km_07_day_20101201-20401130.nc', 'rls': '/badc/ukcp18/data/land-rcm/uk/12km/rcp85/07/rls/day/latest/rls_rcp85_land-rcm_uk_12km_07_day_20101201-20401130.nc', 'rss': '/badc/ukcp18/data/land-rcm/uk/12km/rcp85/07/rss/day/latest/rss_rcp85_land-rcm_uk_12km_07_day_20101201-20401130.nc', 'sfcWind': '/badc/ukcp18/data/land-rcm/uk/12km/rcp85/07/sfcWind/day/latest/sfcWind_rcp85_land-rcm_uk_12km_07_day_20101201-20401130.nc', 'tasmax': '/badc/ukcp18/data/land-rcm/uk/12km/rcp85/07/tasmax/day/latest/tasmax_rcp85_land-rcm_uk_12km_07_day_20101201-20401130.nc', 'tasmin': '/badc/ukcp18/data/land-rcm/uk/12km/rcp85/07/tasmin/day/latest/tasmin_rcp85_land-rcm_uk_12km_07_day_20101201-20401130.nc', 'tas': '/badc/ukcp18/data/land-rcm/uk/12km/rcp85/07/tas/day/latest/tas_rcp85_land-rcm_uk_12km_07_day_20101201-20401130.nc'}
evpot-fao56_rcp85_land-rcm_uk_12km_07_day_20201201-20501130_BC.nc
os.getcwd: 
 /home/users/nelerey/phd_code/ETo
sys.path: 
 ['/home/users/nelerey/phd_code/ETo/applications', '/apps/jasmin/jaspy/miniconda_envs/jaspy3.7/m3-4.6.14/envs/jaspy3.7-m3-4.6.14-r20200606/lib/python37.zip', '/apps/jasmin/jaspy/miniconda_envs/jaspy3.7/m3-4.6.14/envs/jaspy3.7-m3-4.6.14-r20200606/lib/python3.7', '/apps/jasmin/jaspy/miniconda_envs/jaspy3.7/m3-4.6.14/envs/jaspy3.7-m3-4.6.14-r20200606/lib/python3.7/lib-dynload', '/apps/jasmin/jaspy/miniconda_envs/jaspy3.7/m3-4.6.14/envs/jaspy3.7-m3-4.6.14-r20200606/lib/python3.7/site-packages', '/home/users/nelerey/phd_code/ETo', '/home/users/nelerey/phd_code/ETo']
{'varlist': 'hurs,psl,rls,rss,sfcWind,tasmax,tasmin,tas', 'in_path_format': '/badc/ukcp18/data/land-rcm/uk/12km/rcp85/07/{var}/day/latest/{var}_rcp85_land-rcm_uk_12km_07_day_20201201-20501130.nc', 'out_path_format': '/home/users/nelerey/data/PE/ETo-fao56/{}_rcp85_land-rcm_uk_12km_07_day_19801201-20801130.nc', 'outvarname': 'evpot-fao56'}
paths dict: 
 {'hurs': '/badc/ukcp18/data/land-rcm/uk/12km/rcp85/07/hurs/day/latest/hurs_rcp85_land-rcm_uk_12km_07_day_20201201-20501130.nc', 'psl': '/badc/ukcp18/data/land-rcm/uk/12km/rcp85/07/psl/day/latest/psl_rcp85_land-rcm_uk_12km_07_day_20201201-20501130.nc', 'rls': '/badc/ukcp18/data/land-rcm/uk/12km/rcp85/07/rls/day/latest/rls_rcp85_land-rcm_uk_12km_07_day_20201201-20501130.nc', 'rss': '/badc/ukcp18/data/land-rcm/uk/12km/rcp85/07/rss/day/latest/rss_rcp85_land-rcm_uk_12km_07_day_20201201-20501130.nc', 'sfcWind': '/badc/ukcp18/data/land-rcm/uk/12km/rcp85/07/sfcWind/day/latest/sfcWind_rcp85_land-rcm_uk_12km_07_day_20201201-20501130.nc', 'tasmax': '/badc/ukcp18/data/land-rcm/uk/12km/rcp85/07/tasmax/day/latest/tasmax_rcp85_land-rcm_uk_12km_07_day_20201201-20501130.nc', 'tasmin': '/badc/ukcp18/data/land-rcm/uk/12km/rcp85/07/tasmin/day/latest/tasmin_rcp85_land-rcm_uk_12km_07_day_20201201-20501130.nc', 'tas': '/badc/ukcp18/data/land-rcm/uk/12km/rcp85/07/tas/day/latest/tas_rcp85_land-rcm_uk_12km_07_day_20201201-20501130.nc'}
evpot-fao56_rcp85_land-rcm_uk_12km_07_day_20301201-20601130_BC.nc
os.getcwd: 
 /home/users/nelerey/phd_code/ETo
sys.path: 
 ['/home/users/nelerey/phd_code/ETo/applications', '/apps/jasmin/jaspy/miniconda_envs/jaspy3.7/m3-4.6.14/envs/jaspy3.7-m3-4.6.14-r20200606/lib/python37.zip', '/apps/jasmin/jaspy/miniconda_envs/jaspy3.7/m3-4.6.14/envs/jaspy3.7-m3-4.6.14-r20200606/lib/python3.7', '/apps/jasmin/jaspy/miniconda_envs/jaspy3.7/m3-4.6.14/envs/jaspy3.7-m3-4.6.14-r20200606/lib/python3.7/lib-dynload', '/apps/jasmin/jaspy/miniconda_envs/jaspy3.7/m3-4.6.14/envs/jaspy3.7-m3-4.6.14-r20200606/lib/python3.7/site-packages', '/home/users/nelerey/phd_code/ETo', '/home/users/nelerey/phd_code/ETo']
{'varlist': 'hurs,psl,rls,rss,sfcWind,tasmax,tasmin,tas', 'in_path_format': '/badc/ukcp18/data/land-rcm/uk/12km/rcp85/07/{var}/day/latest/{var}_rcp85_land-rcm_uk_12km_07_day_20301201-20601130.nc', 'out_path_format': '/home/users/nelerey/data/PE/ETo-fao56/{}_rcp85_land-rcm_uk_12km_07_day_19801201-20801130.nc', 'outvarname': 'evpot-fao56'}
paths dict: 
 {'hurs': '/badc/ukcp18/data/land-rcm/uk/12km/rcp85/07/hurs/day/latest/hurs_rcp85_land-rcm_uk_12km_07_day_20301201-20601130.nc', 'psl': '/badc/ukcp18/data/land-rcm/uk/12km/rcp85/07/psl/day/latest/psl_rcp85_land-rcm_uk_12km_07_day_20301201-20601130.nc', 'rls': '/badc/ukcp18/data/land-rcm/uk/12km/rcp85/07/rls/day/latest/rls_rcp85_land-rcm_uk_12km_07_day_20301201-20601130.nc', 'rss': '/badc/ukcp18/data/land-rcm/uk/12km/rcp85/07/rss/day/latest/rss_rcp85_land-rcm_uk_12km_07_day_20301201-20601130.nc', 'sfcWind': '/badc/ukcp18/data/land-rcm/uk/12km/rcp85/07/sfcWind/day/latest/sfcWind_rcp85_land-rcm_uk_12km_07_day_20301201-20601130.nc', 'tasmax': '/badc/ukcp18/data/land-rcm/uk/12km/rcp85/07/tasmax/day/latest/tasmax_rcp85_land-rcm_uk_12km_07_day_20301201-20601130.nc', 'tasmin': '/badc/ukcp18/data/land-rcm/uk/12km/rcp85/07/tasmin/day/latest/tasmin_rcp85_land-rcm_uk_12km_07_day_20301201-20601130.nc', 'tas': '/badc/ukcp18/data/land-rcm/uk/12km/rcp85/07/tas/day/latest/tas_rcp85_land-rcm_uk_12km_07_day_20301201-20601130.nc'}
evpot-fao56_rcp85_land-rcm_uk_12km_07_day_20401201-20701130_BC.nc
os.getcwd: 
 /home/users/nelerey/phd_code/ETo
sys.path: 
 ['/home/users/nelerey/phd_code/ETo/applications', '/apps/jasmin/jaspy/miniconda_envs/jaspy3.7/m3-4.6.14/envs/jaspy3.7-m3-4.6.14-r20200606/lib/python37.zip', '/apps/jasmin/jaspy/miniconda_envs/jaspy3.7/m3-4.6.14/envs/jaspy3.7-m3-4.6.14-r20200606/lib/python3.7', '/apps/jasmin/jaspy/miniconda_envs/jaspy3.7/m3-4.6.14/envs/jaspy3.7-m3-4.6.14-r20200606/lib/python3.7/lib-dynload', '/apps/jasmin/jaspy/miniconda_envs/jaspy3.7/m3-4.6.14/envs/jaspy3.7-m3-4.6.14-r20200606/lib/python3.7/site-packages', '/home/users/nelerey/phd_code/ETo', '/home/users/nelerey/phd_code/ETo']
{'varlist': 'hurs,psl,rls,rss,sfcWind,tasmax,tasmin,tas', 'in_path_format': '/badc/ukcp18/data/land-rcm/uk/12km/rcp85/07/{var}/day/latest/{var}_rcp85_land-rcm_uk_12km_07_day_20401201-20701130.nc', 'out_path_format': '/home/users/nelerey/data/PE/ETo-fao56/{}_rcp85_land-rcm_uk_12km_07_day_19801201-20801130.nc', 'outvarname': 'evpot-fao56'}
paths dict: 
 {'hurs': '/badc/ukcp18/data/land-rcm/uk/12km/rcp85/07/hurs/day/latest/hurs_rcp85_land-rcm_uk_12km_07_day_20401201-20701130.nc', 'psl': '/badc/ukcp18/data/land-rcm/uk/12km/rcp85/07/psl/day/latest/psl_rcp85_land-rcm_uk_12km_07_day_20401201-20701130.nc', 'rls': '/badc/ukcp18/data/land-rcm/uk/12km/rcp85/07/rls/day/latest/rls_rcp85_land-rcm_uk_12km_07_day_20401201-20701130.nc', 'rss': '/badc/ukcp18/data/land-rcm/uk/12km/rcp85/07/rss/day/latest/rss_rcp85_land-rcm_uk_12km_07_day_20401201-20701130.nc', 'sfcWind': '/badc/ukcp18/data/land-rcm/uk/12km/rcp85/07/sfcWind/day/latest/sfcWind_rcp85_land-rcm_uk_12km_07_day_20401201-20701130.nc', 'tasmax': '/badc/ukcp18/data/land-rcm/uk/12km/rcp85/07/tasmax/day/latest/tasmax_rcp85_land-rcm_uk_12km_07_day_20401201-20701130.nc', 'tasmin': '/badc/ukcp18/data/land-rcm/uk/12km/rcp85/07/tasmin/day/latest/tasmin_rcp85_land-rcm_uk_12km_07_day_20401201-20701130.nc', 'tas': '/badc/ukcp18/data/land-rcm/uk/12km/rcp85/07/tas/day/latest/tas_rcp85_land-rcm_uk_12km_07_day_20401201-20701130.nc'}
evpot-fao56_rcp85_land-rcm_uk_12km_07_day_20501201-20801130_BC.nc
os.getcwd: 
 /home/users/nelerey/phd_code/ETo
sys.path: 
 ['/home/users/nelerey/phd_code/ETo/applications', '/apps/jasmin/jaspy/miniconda_envs/jaspy3.7/m3-4.6.14/envs/jaspy3.7-m3-4.6.14-r20200606/lib/python37.zip', '/apps/jasmin/jaspy/miniconda_envs/jaspy3.7/m3-4.6.14/envs/jaspy3.7-m3-4.6.14-r20200606/lib/python3.7', '/apps/jasmin/jaspy/miniconda_envs/jaspy3.7/m3-4.6.14/envs/jaspy3.7-m3-4.6.14-r20200606/lib/python3.7/lib-dynload', '/apps/jasmin/jaspy/miniconda_envs/jaspy3.7/m3-4.6.14/envs/jaspy3.7-m3-4.6.14-r20200606/lib/python3.7/site-packages', '/home/users/nelerey/phd_code/ETo', '/home/users/nelerey/phd_code/ETo']
{'varlist': 'hurs,psl,rls,rss,sfcWind,tasmax,tasmin,tas', 'in_path_format': '/badc/ukcp18/data/land-rcm/uk/12km/rcp85/07/{var}/day/latest/{var}_rcp85_land-rcm_uk_12km_07_day_20501201-20801130.nc', 'out_path_format': '/home/users/nelerey/data/PE/ETo-fao56/{}_rcp85_land-rcm_uk_12km_07_day_19801201-20801130.nc', 'outvarname': 'evpot-fao56'}
paths dict: 
 {'hurs': '/badc/ukcp18/data/land-rcm/uk/12km/rcp85/07/hurs/day/latest/hurs_rcp85_land-rcm_uk_12km_07_day_20501201-20801130.nc', 'psl': '/badc/ukcp18/data/land-rcm/uk/12km/rcp85/07/psl/day/latest/psl_rcp85_land-rcm_uk_12km_07_day_20501201-20801130.nc', 'rls': '/badc/ukcp18/data/land-rcm/uk/12km/rcp85/07/rls/day/latest/rls_rcp85_land-rcm_uk_12km_07_day_20501201-20801130.nc', 'rss': '/badc/ukcp18/data/land-rcm/uk/12km/rcp85/07/rss/day/latest/rss_rcp85_land-rcm_uk_12km_07_day_20501201-20801130.nc', 'sfcWind': '/badc/ukcp18/data/land-rcm/uk/12km/rcp85/07/sfcWind/day/latest/sfcWind_rcp85_land-rcm_uk_12km_07_day_20501201-20801130.nc', 'tasmax': '/badc/ukcp18/data/land-rcm/uk/12km/rcp85/07/tasmax/day/latest/tasmax_rcp85_land-rcm_uk_12km_07_day_20501201-20801130.nc', 'tasmin': '/badc/ukcp18/data/land-rcm/uk/12km/rcp85/07/tasmin/day/latest/tasmin_rcp85_land-rcm_uk_12km_07_day_20501201-20801130.nc', 'tas': '/badc/ukcp18/data/land-rcm/uk/12km/rcp85/07/tas/day/latest/tas_rcp85_land-rcm_uk_12km_07_day_20501201-20801130.nc'}
